{"/Users/apple/Desktop/dev/rentobox/Gruntfile.js":{"path":"/Users/apple/Desktop/dev/rentobox/Gruntfile.js","s":{"1":1,"2":1,"3":1,"4":1,"5":1,"6":1,"7":1,"8":1,"9":1,"10":0,"11":0,"12":0,"13":0,"14":0,"15":22,"16":22,"17":22,"18":10,"19":10,"20":10,"21":0,"22":0,"23":0,"24":0,"25":0,"26":1,"27":1,"28":1,"29":0,"30":0,"31":0,"32":0,"33":0,"34":1,"35":0,"36":1,"37":0,"38":0,"39":0,"40":0,"41":0,"42":1,"43":0,"44":0,"45":1,"46":3,"47":1,"48":2,"49":1,"50":1,"51":0,"52":1,"53":1,"54":1},"b":{"1":[1,1],"2":[1,1],"3":[0,0],"4":[0,0],"5":[1,2],"6":[1,1],"7":[0,1]},"f":{"1":1,"2":0,"3":0,"4":0,"5":0,"6":22,"7":10,"8":0,"9":0,"10":0,"11":0,"12":0,"13":0,"14":0,"15":3},"fnMap":{"1":{"name":"(anonymous_1)","line":4,"loc":{"start":{"line":4,"column":17},"end":{"line":4,"column":34}}},"2":{"name":"(anonymous_2)","line":280,"loc":{"start":{"line":280,"column":20},"end":{"line":280,"column":39}}},"3":{"name":"(anonymous_3)","line":281,"loc":{"start":{"line":281,"column":30},"end":{"line":281,"column":47}}},"4":{"name":"(anonymous_4)","line":286,"loc":{"start":{"line":286,"column":40},"end":{"line":286,"column":52}}},"5":{"name":"(anonymous_5)","line":287,"loc":{"start":{"line":287,"column":25},"end":{"line":287,"column":37}}},"6":{"name":"(anonymous_6)","line":652,"loc":{"start":{"line":652,"column":21},"end":{"line":652,"column":40}}},"7":{"name":"(anonymous_7)","line":676,"loc":{"start":{"line":676,"column":21},"end":{"line":676,"column":40}}},"8":{"name":"(anonymous_8)","line":695,"loc":{"start":{"line":695,"column":21},"end":{"line":695,"column":40}}},"9":{"name":"(anonymous_9)","line":716,"loc":{"start":{"line":716,"column":21},"end":{"line":716,"column":40}}},"10":{"name":"(anonymous_10)","line":744,"loc":{"start":{"line":744,"column":29},"end":{"line":744,"column":41}}},"11":{"name":"(anonymous_11)","line":749,"loc":{"start":{"line":749,"column":15},"end":{"line":749,"column":27}}},"12":{"name":"(anonymous_12)","line":755,"loc":{"start":{"line":755,"column":64},"end":{"line":755,"column":75}}},"13":{"name":"(anonymous_13)","line":761,"loc":{"start":{"line":761,"column":30},"end":{"line":761,"column":48}}},"14":{"name":"(anonymous_14)","line":796,"loc":{"start":{"line":796,"column":31},"end":{"line":796,"column":43}}},"15":{"name":"(anonymous_15)","line":801,"loc":{"start":{"line":801,"column":29},"end":{"line":801,"column":46}}}},"statementMap":{"1":{"start":{"line":4,"column":0},"end":{"line":867,"column":2}},"2":{"start":{"line":5,"column":2},"end":{"line":5,"column":18}},"3":{"start":{"line":6,"column":2},"end":{"line":10,"column":3}},"4":{"start":{"line":7,"column":4},"end":{"line":7,"column":55}},"5":{"start":{"line":9,"column":4},"end":{"line":9,"column":21}},"6":{"start":{"line":13,"column":2},"end":{"line":20,"column":5}},"7":{"start":{"line":23,"column":2},"end":{"line":23,"column":31}},"8":{"start":{"line":24,"column":2},"end":{"line":24,"column":45}},"9":{"start":{"line":27,"column":2},"end":{"line":735,"column":5}},"10":{"start":{"line":281,"column":12},"end":{"line":283,"column":15}},"11":{"start":{"line":282,"column":14},"end":{"line":282,"column":40}},"12":{"start":{"line":286,"column":12},"end":{"line":290,"column":15}},"13":{"start":{"line":287,"column":14},"end":{"line":289,"column":22}},"14":{"start":{"line":288,"column":16},"end":{"line":288,"column":73}},"15":{"start":{"line":653,"column":12},"end":{"line":653,"column":56}},"16":{"start":{"line":654,"column":12},"end":{"line":654,"column":54}},"17":{"start":{"line":655,"column":12},"end":{"line":655,"column":62}},"18":{"start":{"line":677,"column":12},"end":{"line":677,"column":67}},"19":{"start":{"line":678,"column":12},"end":{"line":678,"column":74}},"20":{"start":{"line":680,"column":12},"end":{"line":680,"column":51}},"21":{"start":{"line":696,"column":12},"end":{"line":696,"column":74}},"22":{"start":{"line":698,"column":12},"end":{"line":698,"column":51}},"23":{"start":{"line":717,"column":12},"end":{"line":717,"column":63}},"24":{"start":{"line":719,"column":12},"end":{"line":719,"column":54}},"25":{"start":{"line":720,"column":12},"end":{"line":720,"column":69}},"26":{"start":{"line":739,"column":2},"end":{"line":739,"column":44}},"27":{"start":{"line":740,"column":2},"end":{"line":740,"column":48}},"28":{"start":{"line":744,"column":2},"end":{"line":753,"column":5}},"29":{"start":{"line":745,"column":4},"end":{"line":745,"column":49}},"30":{"start":{"line":747,"column":4},"end":{"line":747,"column":28}},"31":{"start":{"line":749,"column":4},"end":{"line":752,"column":13}},"32":{"start":{"line":750,"column":6},"end":{"line":750,"column":41}},"33":{"start":{"line":751,"column":6},"end":{"line":751,"column":13}},"34":{"start":{"line":755,"column":2},"end":{"line":757,"column":5}},"35":{"start":{"line":756,"column":4},"end":{"line":756,"column":17}},"36":{"start":{"line":761,"column":2},"end":{"line":794,"column":5}},"37":{"start":{"line":762,"column":4},"end":{"line":764,"column":5}},"38":{"start":{"line":763,"column":6},"end":{"line":763,"column":115}},"39":{"start":{"line":766,"column":4},"end":{"line":778,"column":5}},"40":{"start":{"line":767,"column":6},"end":{"line":777,"column":9}},"41":{"start":{"line":780,"column":4},"end":{"line":793,"column":7}},"42":{"start":{"line":796,"column":2},"end":{"line":799,"column":5}},"43":{"start":{"line":797,"column":4},"end":{"line":797,"column":98}},"44":{"start":{"line":798,"column":4},"end":{"line":798,"column":30}},"45":{"start":{"line":801,"column":2},"end":{"line":841,"column":5}},"46":{"start":{"line":802,"column":4},"end":{"line":840,"column":7}},"47":{"start":{"line":803,"column":6},"end":{"line":807,"column":9}},"48":{"start":{"line":810,"column":9},"end":{"line":840,"column":7}},"49":{"start":{"line":811,"column":6},"end":{"line":819,"column":9}},"50":{"start":{"line":822,"column":9},"end":{"line":840,"column":7}},"51":{"start":{"line":823,"column":6},"end":{"line":834,"column":9}},"52":{"start":{"line":837,"column":9},"end":{"line":840,"column":7}},"53":{"start":{"line":843,"column":2},"end":{"line":860,"column":5}},"54":{"start":{"line":862,"column":2},"end":{"line":866,"column":5}}},"branchMap":{"1":{"line":47,"type":"binary-expr","locations":[{"start":{"line":47,"column":14},"end":{"line":47,"column":30}},{"start":{"line":47,"column":34},"end":{"line":47,"column":38}}]},"2":{"line":278,"type":"binary-expr","locations":[{"start":{"line":278,"column":18},"end":{"line":278,"column":34}},{"start":{"line":278,"column":38},"end":{"line":278,"column":42}}]},"3":{"line":762,"type":"if","locations":[{"start":{"line":762,"column":4},"end":{"line":762,"column":4}},{"start":{"line":762,"column":4},"end":{"line":762,"column":4}}]},"4":{"line":766,"type":"if","locations":[{"start":{"line":766,"column":4},"end":{"line":766,"column":4}},{"start":{"line":766,"column":4},"end":{"line":766,"column":4}}]},"5":{"line":802,"type":"if","locations":[{"start":{"line":802,"column":4},"end":{"line":802,"column":4}},{"start":{"line":802,"column":4},"end":{"line":802,"column":4}}]},"6":{"line":810,"type":"if","locations":[{"start":{"line":810,"column":9},"end":{"line":810,"column":9}},{"start":{"line":810,"column":9},"end":{"line":810,"column":9}}]},"7":{"line":822,"type":"if","locations":[{"start":{"line":822,"column":9},"end":{"line":822,"column":9}},{"start":{"line":822,"column":9},"end":{"line":822,"column":9}}]}}},"/Users/apple/Desktop/dev/rentobox/server/api/thing/thing.spec.js":{"path":"/Users/apple/Desktop/dev/rentobox/server/api/thing/thing.spec.js","s":{"1":1,"2":1,"3":1,"4":1,"5":1,"6":1,"7":1,"8":0,"9":1,"10":1},"b":{"1":[0,1]},"f":{"1":1,"2":1,"3":1},"fnMap":{"1":{"name":"(anonymous_1)","line":7,"loc":{"start":{"line":7,"column":28},"end":{"line":7,"column":39}}},"2":{"name":"(anonymous_2)","line":9,"loc":{"start":{"line":9,"column":39},"end":{"line":9,"column":54}}},"3":{"name":"(anonymous_3)","line":14,"loc":{"start":{"line":14,"column":11},"end":{"line":14,"column":30}}}},"statementMap":{"1":{"start":{"line":3,"column":0},"end":{"line":3,"column":31}},"2":{"start":{"line":4,"column":0},"end":{"line":4,"column":31}},"3":{"start":{"line":5,"column":0},"end":{"line":5,"column":35}},"4":{"start":{"line":7,"column":0},"end":{"line":20,"column":3}},"5":{"start":{"line":9,"column":2},"end":{"line":19,"column":5}},"6":{"start":{"line":10,"column":4},"end":{"line":18,"column":9}},"7":{"start":{"line":15,"column":8},"end":{"line":15,"column":34}},"8":{"start":{"line":15,"column":17},"end":{"line":15,"column":34}},"9":{"start":{"line":16,"column":8},"end":{"line":16,"column":45}},"10":{"start":{"line":17,"column":8},"end":{"line":17,"column":15}}},"branchMap":{"1":{"line":15,"type":"if","locations":[{"start":{"line":15,"column":8},"end":{"line":15,"column":8}},{"start":{"line":15,"column":8},"end":{"line":15,"column":8}}]}}},"/Users/apple/Desktop/dev/rentobox/server/app.js":{"path":"/Users/apple/Desktop/dev/rentobox/server/app.js","s":{"1":1,"2":1,"3":1,"4":1,"5":1,"6":1,"7":0,"8":1,"9":1,"10":1,"11":1,"12":1,"13":1,"14":1},"b":{"1":[1,0],"2":[0,1]},"f":{"1":1},"fnMap":{"1":{"name":"(anonymous_1)","line":27,"loc":{"start":{"line":27,"column":38},"end":{"line":27,"column":50}}}},"statementMap":{"1":{"start":{"line":8,"column":0},"end":{"line":8,"column":61}},"2":{"start":{"line":10,"column":0},"end":{"line":10,"column":33}},"3":{"start":{"line":11,"column":0},"end":{"line":11,"column":35}},"4":{"start":{"line":12,"column":0},"end":{"line":12,"column":45}},"5":{"start":{"line":15,"column":0},"end":{"line":15,"column":57}},"6":{"start":{"line":18,"column":0},"end":{"line":18,"column":47}},"7":{"start":{"line":18,"column":20},"end":{"line":18,"column":45}},"8":{"start":{"line":21,"column":0},"end":{"line":21,"column":20}},"9":{"start":{"line":22,"column":0},"end":{"line":22,"column":47}},"10":{"start":{"line":23,"column":0},"end":{"line":23,"column":33}},"11":{"start":{"line":24,"column":0},"end":{"line":24,"column":25}},"12":{"start":{"line":27,"column":0},"end":{"line":29,"column":3}},"13":{"start":{"line":28,"column":2},"end":{"line":28,"column":89}},"14":{"start":{"line":32,"column":0},"end":{"line":32,"column":31}}},"branchMap":{"1":{"line":8,"type":"binary-expr","locations":[{"start":{"line":8,"column":23},"end":{"line":8,"column":43}},{"start":{"line":8,"column":47},"end":{"line":8,"column":60}}]},"2":{"line":18,"type":"if","locations":[{"start":{"line":18,"column":0},"end":{"line":18,"column":0}},{"start":{"line":18,"column":0},"end":{"line":18,"column":0}}]}}},"/Users/apple/Desktop/dev/rentobox/server/config/environment/index.js":{"path":"/Users/apple/Desktop/dev/rentobox/server/config/environment/index.js","s":{"1":1,"2":1,"3":1,"4":0,"5":0,"6":0,"7":1,"8":1},"b":{"1":[0,0],"2":[1,1],"3":[1,1],"4":[1,1],"5":[1,1],"6":[1,1],"7":[1,1],"8":[1,1],"9":[1,1],"10":[1,1],"11":[1,1],"12":[1,0]},"f":{"1":0},"fnMap":{"1":{"name":"requiredProcessEnv","line":6,"loc":{"start":{"line":6,"column":0},"end":{"line":6,"column":34}}}},"statementMap":{"1":{"start":{"line":3,"column":0},"end":{"line":3,"column":27}},"2":{"start":{"line":4,"column":0},"end":{"line":4,"column":26}},"3":{"start":{"line":6,"column":0},"end":{"line":11,"column":1}},"4":{"start":{"line":7,"column":2},"end":{"line":9,"column":3}},"5":{"start":{"line":8,"column":4},"end":{"line":8,"column":74}},"6":{"start":{"line":10,"column":2},"end":{"line":10,"column":27}},"7":{"start":{"line":15,"column":0},"end":{"line":61,"column":2}},"8":{"start":{"line":65,"column":0},"end":{"line":67,"column":54}}},"branchMap":{"1":{"line":7,"type":"if","locations":[{"start":{"line":7,"column":2},"end":{"line":7,"column":2}},{"start":{"line":7,"column":2},"end":{"line":7,"column":2}}]},"2":{"line":22,"type":"binary-expr","locations":[{"start":{"line":22,"column":8},"end":{"line":22,"column":24}},{"start":{"line":22,"column":28},"end":{"line":22,"column":32}}]},"3":{"line":45,"type":"binary-expr","locations":[{"start":{"line":45,"column":18},"end":{"line":45,"column":41}},{"start":{"line":45,"column":45},"end":{"line":45,"column":49}}]},"4":{"line":46,"type":"binary-expr","locations":[{"start":{"line":46,"column":18},"end":{"line":46,"column":45}},{"start":{"line":46,"column":49},"end":{"line":46,"column":57}}]},"5":{"line":47,"type":"binary-expr","locations":[{"start":{"line":47,"column":19},"end":{"line":47,"column":37}},{"start":{"line":47,"column":41},"end":{"line":47,"column":43}}]},"6":{"line":51,"type":"binary-expr","locations":[{"start":{"line":51,"column":18},"end":{"line":51,"column":40}},{"start":{"line":51,"column":44},"end":{"line":51,"column":48}}]},"7":{"line":52,"type":"binary-expr","locations":[{"start":{"line":52,"column":18},"end":{"line":52,"column":44}},{"start":{"line":52,"column":48},"end":{"line":52,"column":56}}]},"8":{"line":53,"type":"binary-expr","locations":[{"start":{"line":53,"column":19},"end":{"line":53,"column":37}},{"start":{"line":53,"column":41},"end":{"line":53,"column":43}}]},"9":{"line":57,"type":"binary-expr","locations":[{"start":{"line":57,"column":18},"end":{"line":57,"column":39}},{"start":{"line":57,"column":43},"end":{"line":57,"column":47}}]},"10":{"line":58,"type":"binary-expr","locations":[{"start":{"line":58,"column":18},"end":{"line":58,"column":43}},{"start":{"line":58,"column":47},"end":{"line":58,"column":55}}]},"11":{"line":59,"type":"binary-expr","locations":[{"start":{"line":59,"column":19},"end":{"line":59,"column":37}},{"start":{"line":59,"column":41},"end":{"line":59,"column":43}}]},"12":{"line":67,"type":"binary-expr","locations":[{"start":{"line":67,"column":2},"end":{"line":67,"column":46}},{"start":{"line":67,"column":50},"end":{"line":67,"column":52}}]}}},"/Users/apple/Desktop/dev/rentobox/server/config/environment/test.js":{"path":"/Users/apple/Desktop/dev/rentobox/server/config/environment/test.js","s":{"1":1},"b":{},"f":{},"fnMap":{},"statementMap":{"1":{"start":{"line":5,"column":0},"end":{"line":10,"column":2}}},"branchMap":{}},"/Users/apple/Desktop/dev/rentobox/server/config/express.js":{"path":"/Users/apple/Desktop/dev/rentobox/server/config/express.js","s":{"1":1,"2":1,"3":1,"4":1,"5":1,"6":1,"7":1,"8":1,"9":1,"10":1,"11":1,"12":1,"13":1,"14":1,"15":1,"16":1,"17":1,"18":1,"19":1,"20":1,"21":1,"22":1,"23":1,"24":1,"25":1,"26":1,"27":1,"28":1,"29":0,"30":0,"31":0,"32":0,"33":1,"34":1,"35":1,"36":1,"37":1,"38":1,"39":1,"40":1},"b":{"1":[0,1],"2":[1,0],"3":[1,1]},"f":{"1":1},"fnMap":{"1":{"name":"(anonymous_1)","line":22,"loc":{"start":{"line":22,"column":17},"end":{"line":22,"column":31}}}},"statementMap":{"1":{"start":{"line":7,"column":0},"end":{"line":7,"column":33}},"2":{"start":{"line":8,"column":0},"end":{"line":8,"column":39}},"3":{"start":{"line":9,"column":0},"end":{"line":9,"column":31}},"4":{"start":{"line":10,"column":0},"end":{"line":10,"column":41}},"5":{"start":{"line":11,"column":0},"end":{"line":11,"column":40}},"6":{"start":{"line":12,"column":0},"end":{"line":12,"column":48}},"7":{"start":{"line":13,"column":0},"end":{"line":13,"column":44}},"8":{"start":{"line":14,"column":0},"end":{"line":14,"column":43}},"9":{"start":{"line":15,"column":0},"end":{"line":15,"column":27}},"10":{"start":{"line":16,"column":0},"end":{"line":16,"column":38}},"11":{"start":{"line":17,"column":0},"end":{"line":17,"column":35}},"12":{"start":{"line":18,"column":0},"end":{"line":18,"column":41}},"13":{"start":{"line":19,"column":0},"end":{"line":19,"column":51}},"14":{"start":{"line":20,"column":0},"end":{"line":20,"column":35}},"15":{"start":{"line":22,"column":0},"end":{"line":68,"column":2}},"16":{"start":{"line":23,"column":2},"end":{"line":23,"column":27}},"17":{"start":{"line":25,"column":2},"end":{"line":25,"column":41}},"18":{"start":{"line":26,"column":2},"end":{"line":26,"column":50}},"19":{"start":{"line":27,"column":2},"end":{"line":27,"column":33}},"20":{"start":{"line":31,"column":2},"end":{"line":31,"column":25}},"21":{"start":{"line":32,"column":2},"end":{"line":32,"column":54}},"22":{"start":{"line":33,"column":2},"end":{"line":33,"column":29}},"23":{"start":{"line":34,"column":2},"end":{"line":34,"column":28}},"24":{"start":{"line":35,"column":2},"end":{"line":35,"column":26}},"25":{"start":{"line":36,"column":2},"end":{"line":36,"column":33}},"26":{"start":{"line":38,"column":2},"end":{"line":38,"column":28}},"27":{"start":{"line":42,"column":2},"end":{"line":47,"column":6}},"28":{"start":{"line":49,"column":2},"end":{"line":54,"column":3}},"29":{"start":{"line":50,"column":4},"end":{"line":50,"column":70}},"30":{"start":{"line":51,"column":4},"end":{"line":51,"column":62}},"31":{"start":{"line":52,"column":4},"end":{"line":52,"column":57}},"32":{"start":{"line":53,"column":4},"end":{"line":53,"column":27}},"33":{"start":{"line":56,"column":2},"end":{"line":67,"column":3}},"34":{"start":{"line":57,"column":4},"end":{"line":57,"column":45}},"35":{"start":{"line":58,"column":4},"end":{"line":58,"column":60}},"36":{"start":{"line":60,"column":4},"end":{"line":60,"column":62}},"37":{"start":{"line":61,"column":4},"end":{"line":61,"column":80}},"38":{"start":{"line":64,"column":4},"end":{"line":64,"column":64}},"39":{"start":{"line":65,"column":4},"end":{"line":65,"column":27}},"40":{"start":{"line":66,"column":4},"end":{"line":66,"column":28}}},"branchMap":{"1":{"line":49,"type":"if","locations":[{"start":{"line":49,"column":2},"end":{"line":49,"column":2}},{"start":{"line":49,"column":2},"end":{"line":49,"column":2}}]},"2":{"line":56,"type":"if","locations":[{"start":{"line":56,"column":2},"end":{"line":56,"column":2}},{"start":{"line":56,"column":2},"end":{"line":56,"column":2}}]},"3":{"line":56,"type":"binary-expr","locations":[{"start":{"line":56,"column":6},"end":{"line":56,"column":27}},{"start":{"line":56,"column":31},"end":{"line":56,"column":45}}]}}},"/Users/apple/Desktop/dev/rentobox/server/routes.js":{"path":"/Users/apple/Desktop/dev/rentobox/server/routes.js","s":{"1":1,"2":1,"3":1,"4":1,"5":1,"6":1,"7":1,"8":1,"9":0},"b":{},"f":{"1":1,"2":0},"fnMap":{"1":{"name":"(anonymous_1)","line":10,"loc":{"start":{"line":10,"column":17},"end":{"line":10,"column":31}}},"2":{"name":"(anonymous_2)","line":24,"loc":{"start":{"line":24,"column":9},"end":{"line":24,"column":28}}}},"statementMap":{"1":{"start":{"line":7,"column":0},"end":{"line":7,"column":44}},"2":{"start":{"line":8,"column":0},"end":{"line":8,"column":27}},"3":{"start":{"line":10,"column":0},"end":{"line":27,"column":2}},"4":{"start":{"line":13,"column":2},"end":{"line":13,"column":49}},"5":{"start":{"line":14,"column":2},"end":{"line":14,"column":47}},"6":{"start":{"line":16,"column":2},"end":{"line":16,"column":38}},"7":{"start":{"line":19,"column":2},"end":{"line":20,"column":21}},"8":{"start":{"line":23,"column":2},"end":{"line":26,"column":7}},"9":{"start":{"line":25,"column":6},"end":{"line":25,"column":69}}},"branchMap":{}},"/Users/apple/Desktop/dev/rentobox/server/components/errors/index.js":{"path":"/Users/apple/Desktop/dev/rentobox/server/components/errors/index.js","s":{"1":1,"2":0,"3":0,"4":0,"5":0,"6":0,"7":0,"8":0,"9":0},"b":{"1":[0,0]},"f":{"1":0,"2":0},"fnMap":{"1":{"name":"pageNotFound","line":7,"loc":{"start":{"line":7,"column":22},"end":{"line":7,"column":54}}},"2":{"name":"(anonymous_2)","line":15,"loc":{"start":{"line":15,"column":27},"end":{"line":15,"column":42}}}},"statementMap":{"1":{"start":{"line":7,"column":0},"end":{"line":20,"column":2}},"2":{"start":{"line":8,"column":2},"end":{"line":8,"column":27}},"3":{"start":{"line":9,"column":2},"end":{"line":9,"column":23}},"4":{"start":{"line":10,"column":2},"end":{"line":12,"column":4}},"5":{"start":{"line":14,"column":2},"end":{"line":14,"column":28}},"6":{"start":{"line":15,"column":2},"end":{"line":19,"column":5}},"7":{"start":{"line":16,"column":4},"end":{"line":16,"column":56}},"8":{"start":{"line":16,"column":15},"end":{"line":16,"column":54}},"9":{"start":{"line":18,"column":4},"end":{"line":18,"column":29}}},"branchMap":{"1":{"line":16,"type":"if","locations":[{"start":{"line":16,"column":4},"end":{"line":16,"column":4}},{"start":{"line":16,"column":4},"end":{"line":16,"column":4}}]}}},"/Users/apple/Desktop/dev/rentobox/server/api/thing/index.js":{"path":"/Users/apple/Desktop/dev/rentobox/server/api/thing/index.js","s":{"1":1,"2":1,"3":1,"4":1,"5":1,"6":1,"7":1,"8":1,"9":1,"10":1},"b":{},"f":{},"fnMap":{},"statementMap":{"1":{"start":{"line":3,"column":0},"end":{"line":3,"column":33}},"2":{"start":{"line":4,"column":0},"end":{"line":4,"column":47}},"3":{"start":{"line":6,"column":0},"end":{"line":6,"column":30}},"4":{"start":{"line":8,"column":0},"end":{"line":8,"column":34}},"5":{"start":{"line":9,"column":0},"end":{"line":9,"column":36}},"6":{"start":{"line":10,"column":0},"end":{"line":10,"column":36}},"7":{"start":{"line":11,"column":0},"end":{"line":11,"column":38}},"8":{"start":{"line":12,"column":0},"end":{"line":12,"column":40}},"9":{"start":{"line":13,"column":0},"end":{"line":13,"column":42}},"10":{"start":{"line":15,"column":0},"end":{"line":15,"column":24}}},"branchMap":{}},"/Users/apple/Desktop/dev/rentobox/server/api/thing/thing.controller.js":{"path":"/Users/apple/Desktop/dev/rentobox/server/api/thing/thing.controller.js","s":{"1":1,"2":1,"3":1,"4":1,"5":1,"6":0,"7":1,"8":1,"9":0,"10":0,"11":0,"12":0,"13":0,"14":0,"15":1,"16":0,"17":0,"18":0,"19":0,"20":1,"21":0,"22":0,"23":0,"24":0,"25":0,"26":0,"27":0,"28":0,"29":0,"30":0,"31":0,"32":0,"33":1,"34":0,"35":0,"36":0,"37":0,"38":0,"39":0,"40":0,"41":0,"42":0,"43":1,"44":0},"b":{"1":[0,1],"2":[0,0],"3":[0,0],"4":[0,0],"5":[0,0],"6":[0,0],"7":[0,0],"8":[0,0],"9":[0,0],"10":[0,0],"11":[0,0]},"f":{"1":1,"2":1,"3":0,"4":0,"5":0,"6":0,"7":0,"8":0,"9":0,"10":0,"11":0,"12":0,"13":0},"fnMap":{"1":{"name":"(anonymous_1)","line":16,"loc":{"start":{"line":16,"column":16},"end":{"line":16,"column":35}}},"2":{"name":"(anonymous_2)","line":17,"loc":{"start":{"line":17,"column":13},"end":{"line":17,"column":36}}},"3":{"name":"(anonymous_3)","line":24,"loc":{"start":{"line":24,"column":15},"end":{"line":24,"column":34}}},"4":{"name":"(anonymous_4)","line":25,"loc":{"start":{"line":25,"column":32},"end":{"line":25,"column":54}}},"5":{"name":"(anonymous_5)","line":33,"loc":{"start":{"line":33,"column":17},"end":{"line":33,"column":36}}},"6":{"name":"(anonymous_6)","line":34,"loc":{"start":{"line":34,"column":25},"end":{"line":34,"column":46}}},"7":{"name":"(anonymous_7)","line":41,"loc":{"start":{"line":41,"column":17},"end":{"line":41,"column":36}}},"8":{"name":"(anonymous_8)","line":43,"loc":{"start":{"line":43,"column":32},"end":{"line":43,"column":54}}},"9":{"name":"(anonymous_9)","line":47,"loc":{"start":{"line":47,"column":17},"end":{"line":47,"column":32}}},"10":{"name":"(anonymous_10)","line":55,"loc":{"start":{"line":55,"column":18},"end":{"line":55,"column":37}}},"11":{"name":"(anonymous_11)","line":56,"loc":{"start":{"line":56,"column":32},"end":{"line":56,"column":54}}},"12":{"name":"(anonymous_12)","line":59,"loc":{"start":{"line":59,"column":17},"end":{"line":59,"column":31}}},"13":{"name":"handleError","line":66,"loc":{"start":{"line":66,"column":0},"end":{"line":66,"column":31}}}},"statementMap":{"1":{"start":{"line":12,"column":0},"end":{"line":12,"column":26}},"2":{"start":{"line":13,"column":0},"end":{"line":13,"column":37}},"3":{"start":{"line":16,"column":0},"end":{"line":21,"column":2}},"4":{"start":{"line":17,"column":2},"end":{"line":20,"column":5}},"5":{"start":{"line":18,"column":4},"end":{"line":18,"column":45}},"6":{"start":{"line":18,"column":14},"end":{"line":18,"column":43}},"7":{"start":{"line":19,"column":4},"end":{"line":19,"column":40}},"8":{"start":{"line":24,"column":0},"end":{"line":30,"column":2}},"9":{"start":{"line":25,"column":2},"end":{"line":29,"column":5}},"10":{"start":{"line":26,"column":4},"end":{"line":26,"column":45}},"11":{"start":{"line":26,"column":14},"end":{"line":26,"column":43}},"12":{"start":{"line":27,"column":4},"end":{"line":27,"column":60}},"13":{"start":{"line":27,"column":17},"end":{"line":27,"column":58}},"14":{"start":{"line":28,"column":4},"end":{"line":28,"column":27}},"15":{"start":{"line":33,"column":0},"end":{"line":38,"column":2}},"16":{"start":{"line":34,"column":2},"end":{"line":37,"column":5}},"17":{"start":{"line":35,"column":4},"end":{"line":35,"column":45}},"18":{"start":{"line":35,"column":14},"end":{"line":35,"column":43}},"19":{"start":{"line":36,"column":4},"end":{"line":36,"column":39}},"20":{"start":{"line":41,"column":0},"end":{"line":52,"column":2}},"21":{"start":{"line":42,"column":2},"end":{"line":42,"column":43}},"22":{"start":{"line":42,"column":21},"end":{"line":42,"column":41}},"23":{"start":{"line":43,"column":2},"end":{"line":51,"column":5}},"24":{"start":{"line":44,"column":4},"end":{"line":44,"column":46}},"25":{"start":{"line":44,"column":15},"end":{"line":44,"column":44}},"26":{"start":{"line":45,"column":4},"end":{"line":45,"column":60}},"27":{"start":{"line":45,"column":17},"end":{"line":45,"column":58}},"28":{"start":{"line":46,"column":4},"end":{"line":46,"column":43}},"29":{"start":{"line":47,"column":4},"end":{"line":50,"column":7}},"30":{"start":{"line":48,"column":6},"end":{"line":48,"column":48}},"31":{"start":{"line":48,"column":17},"end":{"line":48,"column":46}},"32":{"start":{"line":49,"column":6},"end":{"line":49,"column":41}},"33":{"start":{"line":55,"column":0},"end":{"line":64,"column":2}},"34":{"start":{"line":56,"column":2},"end":{"line":63,"column":5}},"35":{"start":{"line":57,"column":4},"end":{"line":57,"column":45}},"36":{"start":{"line":57,"column":14},"end":{"line":57,"column":43}},"37":{"start":{"line":58,"column":4},"end":{"line":58,"column":60}},"38":{"start":{"line":58,"column":17},"end":{"line":58,"column":58}},"39":{"start":{"line":59,"column":4},"end":{"line":62,"column":7}},"40":{"start":{"line":60,"column":6},"end":{"line":60,"column":47}},"41":{"start":{"line":60,"column":16},"end":{"line":60,"column":45}},"42":{"start":{"line":61,"column":6},"end":{"line":61,"column":48}},"43":{"start":{"line":66,"column":0},"end":{"line":68,"column":1}},"44":{"start":{"line":67,"column":2},"end":{"line":67,"column":35}}},"branchMap":{"1":{"line":18,"type":"if","locations":[{"start":{"line":18,"column":4},"end":{"line":18,"column":4}},{"start":{"line":18,"column":4},"end":{"line":18,"column":4}}]},"2":{"line":26,"type":"if","locations":[{"start":{"line":26,"column":4},"end":{"line":26,"column":4}},{"start":{"line":26,"column":4},"end":{"line":26,"column":4}}]},"3":{"line":27,"type":"if","locations":[{"start":{"line":27,"column":4},"end":{"line":27,"column":4}},{"start":{"line":27,"column":4},"end":{"line":27,"column":4}}]},"4":{"line":35,"type":"if","locations":[{"start":{"line":35,"column":4},"end":{"line":35,"column":4}},{"start":{"line":35,"column":4},"end":{"line":35,"column":4}}]},"5":{"line":42,"type":"if","locations":[{"start":{"line":42,"column":2},"end":{"line":42,"column":2}},{"start":{"line":42,"column":2},"end":{"line":42,"column":2}}]},"6":{"line":44,"type":"if","locations":[{"start":{"line":44,"column":4},"end":{"line":44,"column":4}},{"start":{"line":44,"column":4},"end":{"line":44,"column":4}}]},"7":{"line":45,"type":"if","locations":[{"start":{"line":45,"column":4},"end":{"line":45,"column":4}},{"start":{"line":45,"column":4},"end":{"line":45,"column":4}}]},"8":{"line":48,"type":"if","locations":[{"start":{"line":48,"column":6},"end":{"line":48,"column":6}},{"start":{"line":48,"column":6},"end":{"line":48,"column":6}}]},"9":{"line":57,"type":"if","locations":[{"start":{"line":57,"column":4},"end":{"line":57,"column":4}},{"start":{"line":57,"column":4},"end":{"line":57,"column":4}}]},"10":{"line":58,"type":"if","locations":[{"start":{"line":58,"column":4},"end":{"line":58,"column":4}},{"start":{"line":58,"column":4},"end":{"line":58,"column":4}}]},"11":{"line":60,"type":"if","locations":[{"start":{"line":60,"column":6},"end":{"line":60,"column":6}},{"start":{"line":60,"column":6},"end":{"line":60,"column":6}}]}}},"/Users/apple/Desktop/dev/rentobox/server/api/thing/thing.model.js":{"path":"/Users/apple/Desktop/dev/rentobox/server/api/thing/thing.model.js","s":{"1":1,"2":1,"3":1},"b":{},"f":{},"fnMap":{},"statementMap":{"1":{"start":{"line":3,"column":0},"end":{"line":4,"column":29}},"2":{"start":{"line":6,"column":0},"end":{"line":10,"column":3}},"3":{"start":{"line":12,"column":0},"end":{"line":12,"column":54}}},"branchMap":{}},"/Users/apple/Desktop/dev/rentobox/server/api/user/index.js":{"path":"/Users/apple/Desktop/dev/rentobox/server/api/user/index.js","s":{"1":1,"2":1,"3":1,"4":1,"5":1,"6":1,"7":1,"8":1,"9":1,"10":1,"11":1,"12":1},"b":{},"f":{},"fnMap":{},"statementMap":{"1":{"start":{"line":3,"column":0},"end":{"line":3,"column":33}},"2":{"start":{"line":4,"column":0},"end":{"line":4,"column":46}},"3":{"start":{"line":5,"column":0},"end":{"line":5,"column":49}},"4":{"start":{"line":6,"column":0},"end":{"line":6,"column":46}},"5":{"start":{"line":8,"column":0},"end":{"line":8,"column":30}},"6":{"start":{"line":10,"column":0},"end":{"line":10,"column":57}},"7":{"start":{"line":11,"column":0},"end":{"line":11,"column":65}},"8":{"start":{"line":12,"column":0},"end":{"line":12,"column":57}},"9":{"start":{"line":13,"column":0},"end":{"line":13,"column":79}},"10":{"start":{"line":14,"column":0},"end":{"line":14,"column":60}},"11":{"start":{"line":15,"column":0},"end":{"line":15,"column":36}},"12":{"start":{"line":17,"column":0},"end":{"line":17,"column":24}}},"branchMap":{}},"/Users/apple/Desktop/dev/rentobox/server/api/user/user.controller.js":{"path":"/Users/apple/Desktop/dev/rentobox/server/api/user/user.controller.js","s":{"1":1,"2":1,"3":1,"4":1,"5":1,"6":0,"7":1,"8":0,"9":0,"10":0,"11":0,"12":1,"13":0,"14":0,"15":0,"16":0,"17":0,"18":0,"19":0,"20":0,"21":1,"22":0,"23":0,"24":0,"25":0,"26":0,"27":0,"28":0,"29":1,"30":0,"31":0,"32":0,"33":0,"34":1,"35":0,"36":0,"37":0,"38":0,"39":0,"40":0,"41":0,"42":0,"43":0,"44":0,"45":0,"46":1,"47":0,"48":0,"49":0,"50":0,"51":0,"52":0,"53":0,"54":1,"55":0},"b":{"1":[0,0],"2":[0,0],"3":[0,0],"4":[0,0],"5":[0,0],"6":[0,0],"7":[0,0],"8":[0,0],"9":[0,0]},"f":{"1":0,"2":0,"3":0,"4":0,"5":0,"6":0,"7":0,"8":0,"9":0,"10":0,"11":0,"12":0,"13":0,"14":0,"15":0},"fnMap":{"1":{"name":"(anonymous_1)","line":8,"loc":{"start":{"line":8,"column":22},"end":{"line":8,"column":41}}},"2":{"name":"(anonymous_2)","line":16,"loc":{"start":{"line":16,"column":16},"end":{"line":16,"column":35}}},"3":{"name":"(anonymous_3)","line":17,"loc":{"start":{"line":17,"column":41},"end":{"line":17,"column":63}}},"4":{"name":"(anonymous_4)","line":26,"loc":{"start":{"line":26,"column":17},"end":{"line":26,"column":43}}},"5":{"name":"(anonymous_5)","line":30,"loc":{"start":{"line":30,"column":15},"end":{"line":30,"column":35}}},"6":{"name":"(anonymous_6)","line":40,"loc":{"start":{"line":40,"column":15},"end":{"line":40,"column":41}}},"7":{"name":"(anonymous_7)","line":43,"loc":{"start":{"line":43,"column":24},"end":{"line":43,"column":45}}},"8":{"name":"(anonymous_8)","line":54,"loc":{"start":{"line":54,"column":18},"end":{"line":54,"column":37}}},"9":{"name":"(anonymous_9)","line":55,"loc":{"start":{"line":55,"column":40},"end":{"line":55,"column":60}}},"10":{"name":"(anonymous_10)","line":64,"loc":{"start":{"line":64,"column":25},"end":{"line":64,"column":50}}},"11":{"name":"(anonymous_11)","line":69,"loc":{"start":{"line":69,"column":24},"end":{"line":69,"column":45}}},"12":{"name":"(anonymous_12)","line":72,"loc":{"start":{"line":72,"column":16},"end":{"line":72,"column":30}}},"13":{"name":"(anonymous_13)","line":85,"loc":{"start":{"line":85,"column":13},"end":{"line":85,"column":38}}},"14":{"name":"(anonymous_14)","line":89,"loc":{"start":{"line":89,"column":30},"end":{"line":89,"column":50}}},"15":{"name":"(anonymous_15)","line":99,"loc":{"start":{"line":99,"column":23},"end":{"line":99,"column":48}}}},"statementMap":{"1":{"start":{"line":3,"column":0},"end":{"line":3,"column":35}},"2":{"start":{"line":4,"column":0},"end":{"line":4,"column":35}},"3":{"start":{"line":5,"column":0},"end":{"line":5,"column":49}},"4":{"start":{"line":6,"column":0},"end":{"line":6,"column":34}},"5":{"start":{"line":8,"column":0},"end":{"line":10,"column":2}},"6":{"start":{"line":9,"column":2},"end":{"line":9,"column":35}},"7":{"start":{"line":16,"column":0},"end":{"line":21,"column":2}},"8":{"start":{"line":17,"column":2},"end":{"line":20,"column":5}},"9":{"start":{"line":18,"column":4},"end":{"line":18,"column":45}},"10":{"start":{"line":18,"column":12},"end":{"line":18,"column":45}},"11":{"start":{"line":19,"column":4},"end":{"line":19,"column":32}},"12":{"start":{"line":26,"column":0},"end":{"line":35,"column":2}},"13":{"start":{"line":27,"column":2},"end":{"line":27,"column":35}},"14":{"start":{"line":28,"column":2},"end":{"line":28,"column":29}},"15":{"start":{"line":29,"column":2},"end":{"line":29,"column":24}},"16":{"start":{"line":30,"column":2},"end":{"line":34,"column":5}},"17":{"start":{"line":31,"column":4},"end":{"line":31,"column":46}},"18":{"start":{"line":31,"column":13},"end":{"line":31,"column":46}},"19":{"start":{"line":32,"column":4},"end":{"line":32,"column":95}},"20":{"start":{"line":33,"column":4},"end":{"line":33,"column":31}},"21":{"start":{"line":40,"column":0},"end":{"line":48,"column":2}},"22":{"start":{"line":41,"column":2},"end":{"line":41,"column":29}},"23":{"start":{"line":43,"column":2},"end":{"line":47,"column":5}},"24":{"start":{"line":44,"column":4},"end":{"line":44,"column":30}},"25":{"start":{"line":44,"column":13},"end":{"line":44,"column":30}},"26":{"start":{"line":45,"column":4},"end":{"line":45,"column":59}},"27":{"start":{"line":45,"column":15},"end":{"line":45,"column":59}},"28":{"start":{"line":46,"column":4},"end":{"line":46,"column":27}},"29":{"start":{"line":54,"column":0},"end":{"line":59,"column":2}},"30":{"start":{"line":55,"column":2},"end":{"line":58,"column":5}},"31":{"start":{"line":56,"column":4},"end":{"line":56,"column":45}},"32":{"start":{"line":56,"column":12},"end":{"line":56,"column":45}},"33":{"start":{"line":57,"column":4},"end":{"line":57,"column":46}},"34":{"start":{"line":64,"column":0},"end":{"line":80,"column":2}},"35":{"start":{"line":65,"column":2},"end":{"line":65,"column":28}},"36":{"start":{"line":66,"column":2},"end":{"line":66,"column":45}},"37":{"start":{"line":67,"column":2},"end":{"line":67,"column":45}},"38":{"start":{"line":69,"column":2},"end":{"line":79,"column":5}},"39":{"start":{"line":70,"column":4},"end":{"line":78,"column":5}},"40":{"start":{"line":71,"column":6},"end":{"line":71,"column":30}},"41":{"start":{"line":72,"column":6},"end":{"line":75,"column":9}},"42":{"start":{"line":73,"column":8},"end":{"line":73,"column":50}},"43":{"start":{"line":73,"column":17},"end":{"line":73,"column":50}},"44":{"start":{"line":74,"column":8},"end":{"line":74,"column":35}},"45":{"start":{"line":77,"column":6},"end":{"line":77,"column":40}},"46":{"start":{"line":85,"column":0},"end":{"line":94,"column":2}},"47":{"start":{"line":86,"column":2},"end":{"line":86,"column":28}},"48":{"start":{"line":87,"column":2},"end":{"line":93,"column":5}},"49":{"start":{"line":90,"column":4},"end":{"line":90,"column":30}},"50":{"start":{"line":90,"column":13},"end":{"line":90,"column":30}},"51":{"start":{"line":91,"column":4},"end":{"line":91,"column":59}},"52":{"start":{"line":91,"column":15},"end":{"line":91,"column":59}},"53":{"start":{"line":92,"column":4},"end":{"line":92,"column":19}},"54":{"start":{"line":99,"column":0},"end":{"line":101,"column":2}},"55":{"start":{"line":100,"column":2},"end":{"line":100,"column":20}}},"branchMap":{"1":{"line":18,"type":"if","locations":[{"start":{"line":18,"column":4},"end":{"line":18,"column":4}},{"start":{"line":18,"column":4},"end":{"line":18,"column":4}}]},"2":{"line":31,"type":"if","locations":[{"start":{"line":31,"column":4},"end":{"line":31,"column":4}},{"start":{"line":31,"column":4},"end":{"line":31,"column":4}}]},"3":{"line":44,"type":"if","locations":[{"start":{"line":44,"column":4},"end":{"line":44,"column":4}},{"start":{"line":44,"column":4},"end":{"line":44,"column":4}}]},"4":{"line":45,"type":"if","locations":[{"start":{"line":45,"column":4},"end":{"line":45,"column":4}},{"start":{"line":45,"column":4},"end":{"line":45,"column":4}}]},"5":{"line":56,"type":"if","locations":[{"start":{"line":56,"column":4},"end":{"line":56,"column":4}},{"start":{"line":56,"column":4},"end":{"line":56,"column":4}}]},"6":{"line":70,"type":"if","locations":[{"start":{"line":70,"column":4},"end":{"line":70,"column":4}},{"start":{"line":70,"column":4},"end":{"line":70,"column":4}}]},"7":{"line":73,"type":"if","locations":[{"start":{"line":73,"column":8},"end":{"line":73,"column":8}},{"start":{"line":73,"column":8},"end":{"line":73,"column":8}}]},"8":{"line":90,"type":"if","locations":[{"start":{"line":90,"column":4},"end":{"line":90,"column":4}},{"start":{"line":90,"column":4},"end":{"line":90,"column":4}}]},"9":{"line":91,"type":"if","locations":[{"start":{"line":91,"column":4},"end":{"line":91,"column":4}},{"start":{"line":91,"column":4},"end":{"line":91,"column":4}}]}}},"/Users/apple/Desktop/dev/rentobox/server/api/user/user.model.js":{"path":"/Users/apple/Desktop/dev/rentobox/server/api/user/user.model.js","s":{"1":1,"2":1,"3":1,"4":1,"5":1,"6":1,"7":1,"8":1,"9":1,"10":0,"11":1,"12":0,"13":1,"14":0,"15":1,"16":3,"17":0,"18":3,"19":1,"20":2,"21":0,"22":2,"23":1,"24":3,"25":3,"26":3,"27":0,"28":3,"29":1,"30":1,"31":0,"32":2,"33":1,"34":2,"35":1,"36":2,"37":0,"38":2,"39":0,"40":2,"41":1,"42":2,"43":1,"44":3,"45":0,"46":3,"47":3,"48":1},"b":{"1":[0,3],"2":[0,2],"3":[0,3],"4":[1,2],"5":[1,0],"6":[2,2],"7":[0,2],"8":[0,2],"9":[2,0],"10":[0,3],"11":[3,3]},"f":{"1":1,"2":0,"3":0,"4":0,"5":3,"6":2,"7":3,"8":3,"9":2,"10":2,"11":2,"12":1,"13":3},"fnMap":{"1":{"name":"(anonymous_1)","line":29,"loc":{"start":{"line":29,"column":7},"end":{"line":29,"column":26}}},"2":{"name":"(anonymous_2)","line":34,"loc":{"start":{"line":34,"column":7},"end":{"line":34,"column":18}}},"3":{"name":"(anonymous_3)","line":41,"loc":{"start":{"line":41,"column":7},"end":{"line":41,"column":18}}},"4":{"name":"(anonymous_4)","line":51,"loc":{"start":{"line":51,"column":7},"end":{"line":51,"column":18}}},"5":{"name":"(anonymous_5)","line":65,"loc":{"start":{"line":65,"column":12},"end":{"line":65,"column":28}}},"6":{"name":"(anonymous_6)","line":73,"loc":{"start":{"line":73,"column":12},"end":{"line":73,"column":37}}},"7":{"name":"(anonymous_7)","line":81,"loc":{"start":{"line":81,"column":12},"end":{"line":81,"column":37}}},"8":{"name":"(anonymous_8)","line":83,"loc":{"start":{"line":83,"column":45},"end":{"line":83,"column":65}}},"9":{"name":"(anonymous_9)","line":93,"loc":{"start":{"line":93,"column":25},"end":{"line":93,"column":41}}},"10":{"name":"(anonymous_10)","line":101,"loc":{"start":{"line":101,"column":15},"end":{"line":101,"column":30}}},"11":{"name":"(anonymous_11)","line":121,"loc":{"start":{"line":121,"column":16},"end":{"line":121,"column":36}}},"12":{"name":"(anonymous_12)","line":131,"loc":{"start":{"line":131,"column":12},"end":{"line":131,"column":23}}},"13":{"name":"(anonymous_13)","line":142,"loc":{"start":{"line":142,"column":19},"end":{"line":142,"column":38}}}},"statementMap":{"1":{"start":{"line":3,"column":0},"end":{"line":3,"column":35}},"2":{"start":{"line":4,"column":0},"end":{"line":4,"column":29}},"3":{"start":{"line":5,"column":0},"end":{"line":5,"column":31}},"4":{"start":{"line":6,"column":0},"end":{"line":6,"column":60}},"5":{"start":{"line":8,"column":0},"end":{"line":22,"column":3}},"6":{"start":{"line":27,"column":0},"end":{"line":36,"column":5}},"7":{"start":{"line":30,"column":4},"end":{"line":30,"column":30}},"8":{"start":{"line":31,"column":4},"end":{"line":31,"column":32}},"9":{"start":{"line":32,"column":4},"end":{"line":32,"column":57}},"10":{"start":{"line":35,"column":4},"end":{"line":35,"column":26}},"11":{"start":{"line":39,"column":0},"end":{"line":46,"column":5}},"12":{"start":{"line":42,"column":4},"end":{"line":45,"column":6}},"13":{"start":{"line":49,"column":0},"end":{"line":56,"column":5}},"14":{"start":{"line":52,"column":4},"end":{"line":55,"column":6}},"15":{"start":{"line":63,"column":0},"end":{"line":68,"column":30}},"16":{"start":{"line":66,"column":4},"end":{"line":66,"column":61}},"17":{"start":{"line":66,"column":49},"end":{"line":66,"column":61}},"18":{"start":{"line":67,"column":4},"end":{"line":67,"column":24}},"19":{"start":{"line":71,"column":0},"end":{"line":76,"column":33}},"20":{"start":{"line":74,"column":4},"end":{"line":74,"column":61}},"21":{"start":{"line":74,"column":49},"end":{"line":74,"column":61}},"22":{"start":{"line":75,"column":4},"end":{"line":75,"column":33}},"23":{"start":{"line":79,"column":0},"end":{"line":91,"column":53}},"24":{"start":{"line":82,"column":4},"end":{"line":82,"column":20}},"25":{"start":{"line":83,"column":4},"end":{"line":90,"column":7}},"26":{"start":{"line":84,"column":6},"end":{"line":84,"column":24}},"27":{"start":{"line":84,"column":14},"end":{"line":84,"column":24}},"28":{"start":{"line":85,"column":6},"end":{"line":88,"column":7}},"29":{"start":{"line":86,"column":8},"end":{"line":86,"column":53}},"30":{"start":{"line":86,"column":32},"end":{"line":86,"column":53}},"31":{"start":{"line":87,"column":8},"end":{"line":87,"column":30}},"32":{"start":{"line":89,"column":6},"end":{"line":89,"column":20}},"33":{"start":{"line":93,"column":0},"end":{"line":95,"column":2}},"34":{"start":{"line":94,"column":2},"end":{"line":94,"column":31}},"35":{"start":{"line":100,"column":0},"end":{"line":108,"column":5}},"36":{"start":{"line":102,"column":4},"end":{"line":102,"column":35}},"37":{"start":{"line":102,"column":21},"end":{"line":102,"column":35}},"38":{"start":{"line":104,"column":4},"end":{"line":107,"column":13}},"39":{"start":{"line":105,"column":6},"end":{"line":105,"column":42}},"40":{"start":{"line":107,"column":6},"end":{"line":107,"column":13}},"41":{"start":{"line":113,"column":0},"end":{"line":147,"column":2}},"42":{"start":{"line":122,"column":4},"end":{"line":122,"column":67}},"43":{"start":{"line":132,"column":4},"end":{"line":132,"column":53}},"44":{"start":{"line":143,"column":4},"end":{"line":143,"column":43}},"45":{"start":{"line":143,"column":33},"end":{"line":143,"column":43}},"46":{"start":{"line":144,"column":4},"end":{"line":144,"column":47}},"47":{"start":{"line":145,"column":4},"end":{"line":145,"column":75}},"48":{"start":{"line":149,"column":0},"end":{"line":149,"column":52}}},"branchMap":{"1":{"line":66,"type":"if","locations":[{"start":{"line":66,"column":4},"end":{"line":66,"column":4}},{"start":{"line":66,"column":4},"end":{"line":66,"column":4}}]},"2":{"line":74,"type":"if","locations":[{"start":{"line":74,"column":4},"end":{"line":74,"column":4}},{"start":{"line":74,"column":4},"end":{"line":74,"column":4}}]},"3":{"line":84,"type":"if","locations":[{"start":{"line":84,"column":6},"end":{"line":84,"column":6}},{"start":{"line":84,"column":6},"end":{"line":84,"column":6}}]},"4":{"line":85,"type":"if","locations":[{"start":{"line":85,"column":6},"end":{"line":85,"column":6}},{"start":{"line":85,"column":6},"end":{"line":85,"column":6}}]},"5":{"line":86,"type":"if","locations":[{"start":{"line":86,"column":8},"end":{"line":86,"column":8}},{"start":{"line":86,"column":8},"end":{"line":86,"column":8}}]},"6":{"line":94,"type":"binary-expr","locations":[{"start":{"line":94,"column":9},"end":{"line":94,"column":14}},{"start":{"line":94,"column":18},"end":{"line":94,"column":30}}]},"7":{"line":102,"type":"if","locations":[{"start":{"line":102,"column":4},"end":{"line":102,"column":4}},{"start":{"line":102,"column":4},"end":{"line":102,"column":4}}]},"8":{"line":104,"type":"if","locations":[{"start":{"line":104,"column":4},"end":{"line":104,"column":4}},{"start":{"line":104,"column":4},"end":{"line":104,"column":4}}]},"9":{"line":104,"type":"binary-expr","locations":[{"start":{"line":104,"column":8},"end":{"line":104,"column":48}},{"start":{"line":104,"column":52},"end":{"line":104,"column":91}}]},"10":{"line":143,"type":"if","locations":[{"start":{"line":143,"column":4},"end":{"line":143,"column":4}},{"start":{"line":143,"column":4},"end":{"line":143,"column":4}}]},"11":{"line":143,"type":"binary-expr","locations":[{"start":{"line":143,"column":8},"end":{"line":143,"column":17}},{"start":{"line":143,"column":21},"end":{"line":143,"column":31}}]}}},"/Users/apple/Desktop/dev/rentobox/server/auth/auth.service.js":{"path":"/Users/apple/Desktop/dev/rentobox/server/auth/auth.service.js","s":{"1":1,"2":1,"3":1,"4":1,"5":1,"6":1,"7":1,"8":1,"9":1,"10":5,"11":0,"12":0,"13":0,"14":0,"15":0,"16":0,"17":0,"18":0,"19":0,"20":0,"21":1,"22":2,"23":0,"24":2,"25":0,"26":0,"27":0,"28":1,"29":0,"30":1,"31":0,"32":0,"33":0,"34":0,"35":0,"36":0,"37":0,"38":1,"39":1,"40":1,"41":1},"b":{"1":[0,0],"2":[0,0],"3":[0,0],"4":[0,0],"5":[0,2],"6":[0,0],"7":[0,0],"8":[0,0]},"f":{"1":5,"2":0,"3":0,"4":0,"5":2,"6":0,"7":0,"8":0},"fnMap":{"1":{"name":"isAuthenticated","line":16,"loc":{"start":{"line":16,"column":0},"end":{"line":16,"column":27}}},"2":{"name":"(anonymous_2)","line":19,"loc":{"start":{"line":19,"column":9},"end":{"line":19,"column":34}}},"3":{"name":"(anonymous_3)","line":27,"loc":{"start":{"line":27,"column":9},"end":{"line":27,"column":34}}},"4":{"name":"(anonymous_4)","line":28,"loc":{"start":{"line":28,"column":34},"end":{"line":28,"column":55}}},"5":{"name":"hasRole","line":41,"loc":{"start":{"line":41,"column":0},"end":{"line":41,"column":31}}},"6":{"name":"meetsRequirements","line":46,"loc":{"start":{"line":46,"column":9},"end":{"line":46,"column":52}}},"7":{"name":"signToken","line":59,"loc":{"start":{"line":59,"column":0},"end":{"line":59,"column":23}}},"8":{"name":"setTokenCookie","line":66,"loc":{"start":{"line":66,"column":0},"end":{"line":66,"column":34}}}},"statementMap":{"1":{"start":{"line":3,"column":0},"end":{"line":3,"column":35}},"2":{"start":{"line":4,"column":0},"end":{"line":4,"column":35}},"3":{"start":{"line":5,"column":0},"end":{"line":5,"column":46}},"4":{"start":{"line":6,"column":0},"end":{"line":6,"column":34}},"5":{"start":{"line":7,"column":0},"end":{"line":7,"column":40}},"6":{"start":{"line":8,"column":0},"end":{"line":8,"column":47}},"7":{"start":{"line":9,"column":0},"end":{"line":9,"column":45}},"8":{"start":{"line":10,"column":0},"end":{"line":10,"column":65}},"9":{"start":{"line":16,"column":0},"end":{"line":36,"column":1}},"10":{"start":{"line":17,"column":2},"end":{"line":35,"column":7}},"11":{"start":{"line":21,"column":6},"end":{"line":23,"column":7}},"12":{"start":{"line":22,"column":8},"end":{"line":22,"column":71}},"13":{"start":{"line":24,"column":6},"end":{"line":24,"column":34}},"14":{"start":{"line":28,"column":6},"end":{"line":34,"column":9}},"15":{"start":{"line":29,"column":8},"end":{"line":29,"column":34}},"16":{"start":{"line":29,"column":17},"end":{"line":29,"column":34}},"17":{"start":{"line":30,"column":8},"end":{"line":30,"column":63}},"18":{"start":{"line":30,"column":19},"end":{"line":30,"column":63}},"19":{"start":{"line":32,"column":8},"end":{"line":32,"column":24}},"20":{"start":{"line":33,"column":8},"end":{"line":33,"column":15}},"21":{"start":{"line":41,"column":0},"end":{"line":54,"column":1}},"22":{"start":{"line":42,"column":2},"end":{"line":42,"column":70}},"23":{"start":{"line":42,"column":21},"end":{"line":42,"column":70}},"24":{"start":{"line":44,"column":2},"end":{"line":53,"column":7}},"25":{"start":{"line":47,"column":6},"end":{"line":52,"column":7}},"26":{"start":{"line":48,"column":8},"end":{"line":48,"column":15}},"27":{"start":{"line":51,"column":8},"end":{"line":51,"column":42}},"28":{"start":{"line":59,"column":0},"end":{"line":61,"column":1}},"29":{"start":{"line":60,"column":2},"end":{"line":60,"column":83}},"30":{"start":{"line":66,"column":0},"end":{"line":76,"column":1}},"31":{"start":{"line":67,"column":2},"end":{"line":67,"column":100}},"32":{"start":{"line":67,"column":17},"end":{"line":67,"column":100}},"33":{"start":{"line":68,"column":2},"end":{"line":68,"column":53}},"34":{"start":{"line":69,"column":2},"end":{"line":69,"column":45}},"35":{"start":{"line":71,"column":2},"end":{"line":75,"column":3}},"36":{"start":{"line":72,"column":4},"end":{"line":72,"column":26}},"37":{"start":{"line":74,"column":4},"end":{"line":74,"column":38}},"38":{"start":{"line":78,"column":0},"end":{"line":78,"column":42}},"39":{"start":{"line":79,"column":0},"end":{"line":79,"column":26}},"40":{"start":{"line":80,"column":0},"end":{"line":80,"column":30}},"41":{"start":{"line":81,"column":0},"end":{"line":81,"column":40}}},"branchMap":{"1":{"line":21,"type":"if","locations":[{"start":{"line":21,"column":6},"end":{"line":21,"column":6}},{"start":{"line":21,"column":6},"end":{"line":21,"column":6}}]},"2":{"line":21,"type":"binary-expr","locations":[{"start":{"line":21,"column":9},"end":{"line":21,"column":18}},{"start":{"line":21,"column":22},"end":{"line":21,"column":62}}]},"3":{"line":29,"type":"if","locations":[{"start":{"line":29,"column":8},"end":{"line":29,"column":8}},{"start":{"line":29,"column":8},"end":{"line":29,"column":8}}]},"4":{"line":30,"type":"if","locations":[{"start":{"line":30,"column":8},"end":{"line":30,"column":8}},{"start":{"line":30,"column":8},"end":{"line":30,"column":8}}]},"5":{"line":42,"type":"if","locations":[{"start":{"line":42,"column":2},"end":{"line":42,"column":2}},{"start":{"line":42,"column":2},"end":{"line":42,"column":2}}]},"6":{"line":47,"type":"if","locations":[{"start":{"line":47,"column":6},"end":{"line":47,"column":6}},{"start":{"line":47,"column":6},"end":{"line":47,"column":6}}]},"7":{"line":67,"type":"if","locations":[{"start":{"line":67,"column":2},"end":{"line":67,"column":2}},{"start":{"line":67,"column":2},"end":{"line":67,"column":2}}]},"8":{"line":71,"type":"if","locations":[{"start":{"line":71,"column":2},"end":{"line":71,"column":2}},{"start":{"line":71,"column":2},"end":{"line":71,"column":2}}]}}},"/Users/apple/Desktop/dev/rentobox/server/auth/index.js":{"path":"/Users/apple/Desktop/dev/rentobox/server/auth/index.js","s":{"1":1,"2":1,"3":1,"4":1,"5":1,"6":1,"7":1,"8":1,"9":1,"10":1,"11":1,"12":1,"13":1,"14":1},"b":{},"f":{},"fnMap":{},"statementMap":{"1":{"start":{"line":3,"column":0},"end":{"line":3,"column":33}},"2":{"start":{"line":4,"column":0},"end":{"line":4,"column":35}},"3":{"start":{"line":5,"column":0},"end":{"line":5,"column":46}},"4":{"start":{"line":6,"column":0},"end":{"line":6,"column":45}},"5":{"start":{"line":9,"column":0},"end":{"line":9,"column":48}},"6":{"start":{"line":10,"column":0},"end":{"line":10,"column":51}},"7":{"start":{"line":11,"column":0},"end":{"line":11,"column":49}},"8":{"start":{"line":12,"column":0},"end":{"line":12,"column":50}},"9":{"start":{"line":14,"column":0},"end":{"line":14,"column":30}},"10":{"start":{"line":16,"column":0},"end":{"line":16,"column":41}},"11":{"start":{"line":17,"column":0},"end":{"line":17,"column":47}},"12":{"start":{"line":18,"column":0},"end":{"line":18,"column":45}},"13":{"start":{"line":19,"column":0},"end":{"line":19,"column":43}},"14":{"start":{"line":21,"column":0},"end":{"line":21,"column":24}}},"branchMap":{}},"/Users/apple/Desktop/dev/rentobox/server/auth/local/passport.js":{"path":"/Users/apple/Desktop/dev/rentobox/server/auth/local/passport.js","s":{"1":1,"2":1,"3":1,"4":1,"5":0,"6":0,"7":0,"8":0,"9":0,"10":0,"11":0,"12":0},"b":{"1":[0,0],"2":[0,0],"3":[0,0]},"f":{"1":1,"2":0,"3":0},"fnMap":{"1":{"name":"(anonymous_1)","line":4,"loc":{"start":{"line":4,"column":16},"end":{"line":4,"column":40}}},"2":{"name":"(anonymous_2)","line":9,"loc":{"start":{"line":9,"column":4},"end":{"line":9,"column":36}}},"3":{"name":"(anonymous_3)","line":12,"loc":{"start":{"line":12,"column":9},"end":{"line":12,"column":29}}}},"statementMap":{"1":{"start":{"line":1,"column":0},"end":{"line":1,"column":35}},"2":{"start":{"line":2,"column":0},"end":{"line":2,"column":55}},"3":{"start":{"line":4,"column":0},"end":{"line":25,"column":2}},"4":{"start":{"line":5,"column":2},"end":{"line":24,"column":5}},"5":{"start":{"line":10,"column":6},"end":{"line":22,"column":9}},"6":{"start":{"line":13,"column":8},"end":{"line":13,"column":34}},"7":{"start":{"line":13,"column":17},"end":{"line":13,"column":34}},"8":{"start":{"line":15,"column":8},"end":{"line":17,"column":9}},"9":{"start":{"line":16,"column":10},"end":{"line":16,"column":81}},"10":{"start":{"line":18,"column":8},"end":{"line":20,"column":9}},"11":{"start":{"line":19,"column":10},"end":{"line":19,"column":81}},"12":{"start":{"line":21,"column":8},"end":{"line":21,"column":32}}},"branchMap":{"1":{"line":13,"type":"if","locations":[{"start":{"line":13,"column":8},"end":{"line":13,"column":8}},{"start":{"line":13,"column":8},"end":{"line":13,"column":8}}]},"2":{"line":15,"type":"if","locations":[{"start":{"line":15,"column":8},"end":{"line":15,"column":8}},{"start":{"line":15,"column":8},"end":{"line":15,"column":8}}]},"3":{"line":18,"type":"if","locations":[{"start":{"line":18,"column":8},"end":{"line":18,"column":8}},{"start":{"line":18,"column":8},"end":{"line":18,"column":8}}]}}},"/Users/apple/Desktop/dev/rentobox/server/auth/facebook/passport.js":{"path":"/Users/apple/Desktop/dev/rentobox/server/auth/facebook/passport.js","s":{"1":1,"2":1,"3":1,"4":1,"5":0,"6":0,"7":0,"8":0,"9":0,"10":0,"11":0,"12":0,"13":0,"14":0},"b":{"1":[0,0],"2":[0,0],"3":[0,0]},"f":{"1":1,"2":0,"3":0,"4":0},"fnMap":{"1":{"name":"(anonymous_1)","line":4,"loc":{"start":{"line":4,"column":16},"end":{"line":4,"column":40}}},"2":{"name":"(anonymous_2)","line":11,"loc":{"start":{"line":11,"column":4},"end":{"line":11,"column":55}}},"3":{"name":"(anonymous_3)","line":15,"loc":{"start":{"line":15,"column":6},"end":{"line":15,"column":26}}},"4":{"name":"(anonymous_4)","line":28,"loc":{"start":{"line":28,"column":20},"end":{"line":28,"column":34}}}},"statementMap":{"1":{"start":{"line":1,"column":0},"end":{"line":1,"column":35}},"2":{"start":{"line":2,"column":0},"end":{"line":2,"column":61}},"3":{"start":{"line":4,"column":0},"end":{"line":38,"column":2}},"4":{"start":{"line":5,"column":2},"end":{"line":37,"column":5}},"5":{"start":{"line":12,"column":6},"end":{"line":35,"column":8}},"6":{"start":{"line":16,"column":8},"end":{"line":18,"column":9}},"7":{"start":{"line":17,"column":10},"end":{"line":17,"column":27}},"8":{"start":{"line":19,"column":8},"end":{"line":34,"column":9}},"9":{"start":{"line":20,"column":10},"end":{"line":27,"column":13}},"10":{"start":{"line":28,"column":10},"end":{"line":31,"column":13}},"11":{"start":{"line":29,"column":12},"end":{"line":29,"column":31}},"12":{"start":{"line":29,"column":21},"end":{"line":29,"column":31}},"13":{"start":{"line":30,"column":12},"end":{"line":30,"column":35}},"14":{"start":{"line":33,"column":10},"end":{"line":33,"column":33}}},"branchMap":{"1":{"line":16,"type":"if","locations":[{"start":{"line":16,"column":8},"end":{"line":16,"column":8}},{"start":{"line":16,"column":8},"end":{"line":16,"column":8}}]},"2":{"line":19,"type":"if","locations":[{"start":{"line":19,"column":8},"end":{"line":19,"column":8}},{"start":{"line":19,"column":8},"end":{"line":19,"column":8}}]},"3":{"line":29,"type":"if","locations":[{"start":{"line":29,"column":12},"end":{"line":29,"column":12}},{"start":{"line":29,"column":12},"end":{"line":29,"column":12}}]}}},"/Users/apple/Desktop/dev/rentobox/server/auth/google/passport.js":{"path":"/Users/apple/Desktop/dev/rentobox/server/auth/google/passport.js","s":{"1":1,"2":1,"3":1,"4":1,"5":0,"6":0,"7":0,"8":0,"9":0,"10":0,"11":0,"12":0},"b":{"1":[0,0],"2":[0,0]},"f":{"1":1,"2":0,"3":0,"4":0},"fnMap":{"1":{"name":"(anonymous_1)","line":4,"loc":{"start":{"line":4,"column":16},"end":{"line":4,"column":40}}},"2":{"name":"(anonymous_2)","line":10,"loc":{"start":{"line":10,"column":4},"end":{"line":10,"column":55}}},"3":{"name":"(anonymous_3)","line":13,"loc":{"start":{"line":13,"column":9},"end":{"line":13,"column":29}}},"4":{"name":"(anonymous_4)","line":23,"loc":{"start":{"line":23,"column":20},"end":{"line":23,"column":34}}}},"statementMap":{"1":{"start":{"line":1,"column":0},"end":{"line":1,"column":35}},"2":{"start":{"line":2,"column":0},"end":{"line":2,"column":69}},"3":{"start":{"line":4,"column":0},"end":{"line":33,"column":2}},"4":{"start":{"line":5,"column":2},"end":{"line":32,"column":5}},"5":{"start":{"line":11,"column":6},"end":{"line":30,"column":9}},"6":{"start":{"line":14,"column":8},"end":{"line":29,"column":9}},"7":{"start":{"line":15,"column":10},"end":{"line":22,"column":13}},"8":{"start":{"line":23,"column":10},"end":{"line":26,"column":13}},"9":{"start":{"line":24,"column":12},"end":{"line":24,"column":31}},"10":{"start":{"line":24,"column":21},"end":{"line":24,"column":31}},"11":{"start":{"line":25,"column":12},"end":{"line":25,"column":35}},"12":{"start":{"line":28,"column":10},"end":{"line":28,"column":33}}},"branchMap":{"1":{"line":14,"type":"if","locations":[{"start":{"line":14,"column":8},"end":{"line":14,"column":8}},{"start":{"line":14,"column":8},"end":{"line":14,"column":8}}]},"2":{"line":24,"type":"if","locations":[{"start":{"line":24,"column":12},"end":{"line":24,"column":12}},{"start":{"line":24,"column":12},"end":{"line":24,"column":12}}]}}},"/Users/apple/Desktop/dev/rentobox/server/auth/twitter/passport.js":{"path":"/Users/apple/Desktop/dev/rentobox/server/auth/twitter/passport.js","s":{"1":1,"2":1,"3":1,"4":1,"5":0,"6":0,"7":0,"8":0,"9":0,"10":0,"11":0,"12":0,"13":0,"14":0},"b":{"1":[0,0],"2":[0,0],"3":[0,0]},"f":{"1":1,"2":0,"3":0,"4":0},"fnMap":{"1":{"name":"(anonymous_1)","line":1,"loc":{"start":{"line":1,"column":16},"end":{"line":1,"column":40}}},"2":{"name":"(anonymous_2)","line":10,"loc":{"start":{"line":10,"column":2},"end":{"line":10,"column":46}}},"3":{"name":"(anonymous_3)","line":13,"loc":{"start":{"line":13,"column":7},"end":{"line":13,"column":27}}},"4":{"name":"(anonymous_4)","line":25,"loc":{"start":{"line":25,"column":18},"end":{"line":25,"column":32}}}},"statementMap":{"1":{"start":{"line":1,"column":0},"end":{"line":35,"column":2}},"2":{"start":{"line":2,"column":2},"end":{"line":2,"column":37}},"3":{"start":{"line":3,"column":2},"end":{"line":3,"column":61}},"4":{"start":{"line":5,"column":2},"end":{"line":34,"column":5}},"5":{"start":{"line":11,"column":4},"end":{"line":32,"column":7}},"6":{"start":{"line":14,"column":6},"end":{"line":16,"column":7}},"7":{"start":{"line":15,"column":8},"end":{"line":15,"column":25}},"8":{"start":{"line":17,"column":6},"end":{"line":31,"column":7}},"9":{"start":{"line":18,"column":8},"end":{"line":24,"column":11}},"10":{"start":{"line":25,"column":8},"end":{"line":28,"column":11}},"11":{"start":{"line":26,"column":10},"end":{"line":26,"column":36}},"12":{"start":{"line":26,"column":19},"end":{"line":26,"column":36}},"13":{"start":{"line":27,"column":10},"end":{"line":27,"column":33}},"14":{"start":{"line":30,"column":8},"end":{"line":30,"column":31}}},"branchMap":{"1":{"line":14,"type":"if","locations":[{"start":{"line":14,"column":6},"end":{"line":14,"column":6}},{"start":{"line":14,"column":6},"end":{"line":14,"column":6}}]},"2":{"line":17,"type":"if","locations":[{"start":{"line":17,"column":6},"end":{"line":17,"column":6}},{"start":{"line":17,"column":6},"end":{"line":17,"column":6}}]},"3":{"line":26,"type":"if","locations":[{"start":{"line":26,"column":10},"end":{"line":26,"column":10}},{"start":{"line":26,"column":10},"end":{"line":26,"column":10}}]}}},"/Users/apple/Desktop/dev/rentobox/server/auth/local/index.js":{"path":"/Users/apple/Desktop/dev/rentobox/server/auth/local/index.js","s":{"1":1,"2":1,"3":1,"4":1,"5":1,"6":0,"7":0,"8":0,"9":0,"10":0,"11":0,"12":0,"13":0,"14":1},"b":{"1":[0,0],"2":[0,0],"3":[0,0]},"f":{"1":0,"2":0},"fnMap":{"1":{"name":"(anonymous_1)","line":9,"loc":{"start":{"line":9,"column":17},"end":{"line":9,"column":42}}},"2":{"name":"(anonymous_2)","line":10,"loc":{"start":{"line":10,"column":33},"end":{"line":10,"column":60}}}},"statementMap":{"1":{"start":{"line":3,"column":0},"end":{"line":3,"column":33}},"2":{"start":{"line":4,"column":0},"end":{"line":4,"column":35}},"3":{"start":{"line":5,"column":0},"end":{"line":5,"column":38}},"4":{"start":{"line":7,"column":0},"end":{"line":7,"column":30}},"5":{"start":{"line":9,"column":0},"end":{"line":18,"column":3}},"6":{"start":{"line":10,"column":2},"end":{"line":17,"column":20}},"7":{"start":{"line":11,"column":4},"end":{"line":11,"column":28}},"8":{"start":{"line":12,"column":4},"end":{"line":12,"column":50}},"9":{"start":{"line":12,"column":15},"end":{"line":12,"column":50}},"10":{"start":{"line":13,"column":4},"end":{"line":13,"column":97}},"11":{"start":{"line":13,"column":15},"end":{"line":13,"column":97}},"12":{"start":{"line":15,"column":4},"end":{"line":15,"column":52}},"13":{"start":{"line":16,"column":4},"end":{"line":16,"column":29}},"14":{"start":{"line":20,"column":0},"end":{"line":20,"column":24}}},"branchMap":{"1":{"line":11,"type":"binary-expr","locations":[{"start":{"line":11,"column":16},"end":{"line":11,"column":19}},{"start":{"line":11,"column":23},"end":{"line":11,"column":27}}]},"2":{"line":12,"type":"if","locations":[{"start":{"line":12,"column":4},"end":{"line":12,"column":4}},{"start":{"line":12,"column":4},"end":{"line":12,"column":4}}]},"3":{"line":13,"type":"if","locations":[{"start":{"line":13,"column":4},"end":{"line":13,"column":4}},{"start":{"line":13,"column":4},"end":{"line":13,"column":4}}]}}},"/Users/apple/Desktop/dev/rentobox/server/auth/facebook/index.js":{"path":"/Users/apple/Desktop/dev/rentobox/server/auth/facebook/index.js","s":{"1":1,"2":1,"3":1,"4":1,"5":1,"6":1},"b":{},"f":{},"fnMap":{},"statementMap":{"1":{"start":{"line":3,"column":0},"end":{"line":3,"column":33}},"2":{"start":{"line":4,"column":0},"end":{"line":4,"column":35}},"3":{"start":{"line":5,"column":0},"end":{"line":5,"column":38}},"4":{"start":{"line":7,"column":0},"end":{"line":7,"column":30}},"5":{"start":{"line":9,"column":0},"end":{"line":21,"column":27}},"6":{"start":{"line":23,"column":0},"end":{"line":23,"column":24}}},"branchMap":{}},"/Users/apple/Desktop/dev/rentobox/server/auth/twitter/index.js":{"path":"/Users/apple/Desktop/dev/rentobox/server/auth/twitter/index.js","s":{"1":1,"2":1,"3":1,"4":1,"5":1,"6":1},"b":{},"f":{},"fnMap":{},"statementMap":{"1":{"start":{"line":3,"column":0},"end":{"line":3,"column":33}},"2":{"start":{"line":4,"column":0},"end":{"line":4,"column":35}},"3":{"start":{"line":5,"column":0},"end":{"line":5,"column":38}},"4":{"start":{"line":7,"column":0},"end":{"line":7,"column":30}},"5":{"start":{"line":9,"column":0},"end":{"line":18,"column":27}},"6":{"start":{"line":20,"column":0},"end":{"line":20,"column":24}}},"branchMap":{}},"/Users/apple/Desktop/dev/rentobox/server/auth/google/index.js":{"path":"/Users/apple/Desktop/dev/rentobox/server/auth/google/index.js","s":{"1":1,"2":1,"3":1,"4":1,"5":1,"6":1},"b":{},"f":{},"fnMap":{},"statementMap":{"1":{"start":{"line":3,"column":0},"end":{"line":3,"column":33}},"2":{"start":{"line":4,"column":0},"end":{"line":4,"column":35}},"3":{"start":{"line":5,"column":0},"end":{"line":5,"column":38}},"4":{"start":{"line":7,"column":0},"end":{"line":7,"column":30}},"5":{"start":{"line":9,"column":0},"end":{"line":22,"column":27}},"6":{"start":{"line":24,"column":0},"end":{"line":24,"column":24}}},"branchMap":{}},"/Users/apple/Desktop/dev/rentobox/server/api/user/user.model.spec.js":{"path":"/Users/apple/Desktop/dev/rentobox/server/api/user/user.model.spec.js","s":{"1":1,"2":1,"3":1,"4":1,"5":1,"6":1,"7":1,"8":1,"9":1,"10":5,"11":5,"12":1,"13":1,"14":1,"15":1,"16":1,"17":1,"18":1,"19":1,"20":1,"21":1,"22":1,"23":1,"24":1,"25":1,"26":1,"27":1,"28":1,"29":1,"30":1},"b":{},"f":{"1":1,"2":1,"3":1,"4":5,"5":5,"6":1,"7":1,"8":1,"9":1,"10":1,"11":1,"12":1,"13":1,"14":1},"fnMap":{"1":{"name":"(anonymous_1)","line":14,"loc":{"start":{"line":14,"column":23},"end":{"line":14,"column":34}}},"2":{"name":"(anonymous_2)","line":15,"loc":{"start":{"line":15,"column":9},"end":{"line":15,"column":24}}},"3":{"name":"(anonymous_3)","line":17,"loc":{"start":{"line":17,"column":30},"end":{"line":17,"column":41}}},"4":{"name":"(anonymous_4)","line":22,"loc":{"start":{"line":22,"column":12},"end":{"line":22,"column":27}}},"5":{"name":"(anonymous_5)","line":23,"loc":{"start":{"line":23,"column":30},"end":{"line":23,"column":41}}},"6":{"name":"(anonymous_6)","line":28,"loc":{"start":{"line":28,"column":35},"end":{"line":28,"column":50}}},"7":{"name":"(anonymous_7)","line":29,"loc":{"start":{"line":29,"column":18},"end":{"line":29,"column":39}}},"8":{"name":"(anonymous_8)","line":35,"loc":{"start":{"line":35,"column":49},"end":{"line":35,"column":64}}},"9":{"name":"(anonymous_9)","line":36,"loc":{"start":{"line":36,"column":14},"end":{"line":36,"column":25}}},"10":{"name":"(anonymous_10)","line":38,"loc":{"start":{"line":38,"column":19},"end":{"line":38,"column":33}}},"11":{"name":"(anonymous_11)","line":45,"loc":{"start":{"line":45,"column":49},"end":{"line":45,"column":64}}},"12":{"name":"(anonymous_12)","line":47,"loc":{"start":{"line":47,"column":14},"end":{"line":47,"column":28}}},"13":{"name":"(anonymous_13)","line":53,"loc":{"start":{"line":53,"column":54},"end":{"line":53,"column":65}}},"14":{"name":"(anonymous_14)","line":57,"loc":{"start":{"line":57,"column":60},"end":{"line":57,"column":71}}}},"statementMap":{"1":{"start":{"line":3,"column":0},"end":{"line":3,"column":31}},"2":{"start":{"line":4,"column":0},"end":{"line":4,"column":31}},"3":{"start":{"line":5,"column":0},"end":{"line":5,"column":35}},"4":{"start":{"line":7,"column":0},"end":{"line":12,"column":3}},"5":{"start":{"line":14,"column":0},"end":{"line":60,"column":3}},"6":{"start":{"line":15,"column":2},"end":{"line":20,"column":5}},"7":{"start":{"line":17,"column":4},"end":{"line":19,"column":7}},"8":{"start":{"line":18,"column":6},"end":{"line":18,"column":13}},"9":{"start":{"line":22,"column":2},"end":{"line":26,"column":5}},"10":{"start":{"line":23,"column":4},"end":{"line":25,"column":7}},"11":{"start":{"line":24,"column":6},"end":{"line":24,"column":13}},"12":{"start":{"line":28,"column":2},"end":{"line":33,"column":5}},"13":{"start":{"line":29,"column":4},"end":{"line":32,"column":7}},"14":{"start":{"line":30,"column":6},"end":{"line":30,"column":34}},"15":{"start":{"line":31,"column":6},"end":{"line":31,"column":13}},"16":{"start":{"line":35,"column":2},"end":{"line":43,"column":5}},"17":{"start":{"line":36,"column":4},"end":{"line":42,"column":7}},"18":{"start":{"line":37,"column":6},"end":{"line":37,"column":35}},"19":{"start":{"line":38,"column":6},"end":{"line":41,"column":9}},"20":{"start":{"line":39,"column":8},"end":{"line":39,"column":26}},"21":{"start":{"line":40,"column":8},"end":{"line":40,"column":15}},"22":{"start":{"line":45,"column":2},"end":{"line":51,"column":5}},"23":{"start":{"line":46,"column":4},"end":{"line":46,"column":20}},"24":{"start":{"line":47,"column":4},"end":{"line":50,"column":7}},"25":{"start":{"line":48,"column":6},"end":{"line":48,"column":24}},"26":{"start":{"line":49,"column":6},"end":{"line":49,"column":13}},"27":{"start":{"line":53,"column":2},"end":{"line":55,"column":5}},"28":{"start":{"line":54,"column":4},"end":{"line":54,"column":56}},"29":{"start":{"line":57,"column":2},"end":{"line":59,"column":5}},"30":{"start":{"line":58,"column":4},"end":{"line":58,"column":56}}},"branchMap":{}},"/Users/apple/Desktop/dev/rentobox/karma.conf.js":{"path":"/Users/apple/Desktop/dev/rentobox/karma.conf.js","s":{"1":1,"2":1},"b":{},"f":{"1":1},"fnMap":{"1":{"name":"(anonymous_1)","line":4,"loc":{"start":{"line":4,"column":17},"end":{"line":4,"column":34}}}},"statementMap":{"1":{"start":{"line":4,"column":0},"end":{"line":80,"column":2}},"2":{"start":{"line":5,"column":2},"end":{"line":79,"column":5}}},"branchMap":{}}}