TN:
SF:/Users/apple/Desktop/dev/rentobox/Gruntfile.js
FN:4,(anonymous_1)
FN:280,(anonymous_2)
FN:281,(anonymous_3)
FN:286,(anonymous_4)
FN:287,(anonymous_5)
FN:652,(anonymous_6)
FN:676,(anonymous_7)
FN:695,(anonymous_8)
FN:716,(anonymous_9)
FN:744,(anonymous_10)
FN:749,(anonymous_11)
FN:755,(anonymous_12)
FN:761,(anonymous_13)
FN:796,(anonymous_14)
FN:801,(anonymous_15)
FNF:15
FNH:4
FNDA:1,(anonymous_1)
FNDA:0,(anonymous_2)
FNDA:0,(anonymous_3)
FNDA:0,(anonymous_4)
FNDA:0,(anonymous_5)
FNDA:22,(anonymous_6)
FNDA:10,(anonymous_7)
FNDA:0,(anonymous_8)
FNDA:0,(anonymous_9)
FNDA:0,(anonymous_10)
FNDA:0,(anonymous_11)
FNDA:0,(anonymous_12)
FNDA:0,(anonymous_13)
FNDA:0,(anonymous_14)
FNDA:3,(anonymous_15)
DA:4,1
DA:5,1
DA:6,1
DA:7,1
DA:9,1
DA:13,1
DA:23,1
DA:24,1
DA:27,1
DA:281,0
DA:282,0
DA:286,0
DA:287,0
DA:288,0
DA:653,22
DA:654,22
DA:655,22
DA:677,10
DA:678,10
DA:680,10
DA:696,0
DA:698,0
DA:717,0
DA:719,0
DA:720,0
DA:739,1
DA:740,1
DA:744,1
DA:745,0
DA:747,0
DA:749,0
DA:750,0
DA:751,0
DA:755,1
DA:756,0
DA:761,1
DA:762,0
DA:763,0
DA:766,0
DA:767,0
DA:780,0
DA:796,1
DA:797,0
DA:798,0
DA:801,1
DA:802,3
DA:803,1
DA:810,2
DA:811,1
DA:822,1
DA:823,0
DA:837,1
DA:843,1
DA:862,1
LF:54
LH:30
BRDA:47,1,0,1
BRDA:47,1,1,1
BRDA:278,2,0,1
BRDA:278,2,1,1
BRDA:762,3,0,0
BRDA:762,3,1,0
BRDA:766,4,0,0
BRDA:766,4,1,0
BRDA:802,5,0,1
BRDA:802,5,1,2
BRDA:810,6,0,1
BRDA:810,6,1,1
BRDA:822,7,0,0
BRDA:822,7,1,1
BRF:14
BRH:9
end_of_record
TN:
SF:/Users/apple/Desktop/dev/rentobox/server/api/thing/thing.spec.js
FN:7,(anonymous_1)
FN:9,(anonymous_2)
FN:14,(anonymous_3)
FNF:3
FNH:3
FNDA:1,(anonymous_1)
FNDA:1,(anonymous_2)
FNDA:1,(anonymous_3)
DA:3,1
DA:4,1
DA:5,1
DA:7,1
DA:9,1
DA:10,1
DA:15,1
DA:16,1
DA:17,1
LF:9
LH:9
BRDA:15,1,0,0
BRDA:15,1,1,1
BRF:2
BRH:1
end_of_record
TN:
SF:/Users/apple/Desktop/dev/rentobox/server/app.js
FN:27,(anonymous_1)
FNF:1
FNH:1
FNDA:1,(anonymous_1)
DA:8,1
DA:10,1
DA:11,1
DA:12,1
DA:15,1
DA:18,1
DA:21,1
DA:22,1
DA:23,1
DA:24,1
DA:27,1
DA:28,1
DA:32,1
LF:13
LH:13
BRDA:8,1,0,1
BRDA:8,1,1,0
BRDA:18,2,0,0
BRDA:18,2,1,1
BRF:4
BRH:2
end_of_record
TN:
SF:/Users/apple/Desktop/dev/rentobox/server/config/environment/index.js
FN:6,requiredProcessEnv
FNF:1
FNH:0
FNDA:0,requiredProcessEnv
DA:3,1
DA:4,1
DA:6,1
DA:7,0
DA:8,0
DA:10,0
DA:15,1
DA:65,1
LF:8
LH:5
BRDA:7,1,0,0
BRDA:7,1,1,0
BRDA:22,2,0,1
BRDA:22,2,1,1
BRDA:45,3,0,1
BRDA:45,3,1,1
BRDA:46,4,0,1
BRDA:46,4,1,1
BRDA:47,5,0,1
BRDA:47,5,1,1
BRDA:51,6,0,1
BRDA:51,6,1,1
BRDA:52,7,0,1
BRDA:52,7,1,1
BRDA:53,8,0,1
BRDA:53,8,1,1
BRDA:57,9,0,1
BRDA:57,9,1,1
BRDA:58,10,0,1
BRDA:58,10,1,1
BRDA:59,11,0,1
BRDA:59,11,1,1
BRDA:67,12,0,1
BRDA:67,12,1,0
BRF:24
BRH:21
end_of_record
TN:
SF:/Users/apple/Desktop/dev/rentobox/server/config/environment/test.js
FNF:0
FNH:0
DA:5,1
LF:1
LH:1
BRF:0
BRH:0
end_of_record
TN:
SF:/Users/apple/Desktop/dev/rentobox/server/config/express.js
FN:22,(anonymous_1)
FNF:1
FNH:1
FNDA:1,(anonymous_1)
DA:7,1
DA:8,1
DA:9,1
DA:10,1
DA:11,1
DA:12,1
DA:13,1
DA:14,1
DA:15,1
DA:16,1
DA:17,1
DA:18,1
DA:19,1
DA:20,1
DA:22,1
DA:23,1
DA:25,1
DA:26,1
DA:27,1
DA:31,1
DA:32,1
DA:33,1
DA:34,1
DA:35,1
DA:36,1
DA:38,1
DA:42,1
DA:49,1
DA:50,0
DA:51,0
DA:52,0
DA:53,0
DA:56,1
DA:57,1
DA:58,1
DA:60,1
DA:61,1
DA:64,1
DA:65,1
DA:66,1
LF:40
LH:36
BRDA:49,1,0,0
BRDA:49,1,1,1
BRDA:56,2,0,1
BRDA:56,2,1,0
BRDA:56,3,0,1
BRDA:56,3,1,1
BRF:6
BRH:4
end_of_record
TN:
SF:/Users/apple/Desktop/dev/rentobox/server/routes.js
FN:10,(anonymous_1)
FN:24,(anonymous_2)
FNF:2
FNH:1
FNDA:1,(anonymous_1)
FNDA:0,(anonymous_2)
DA:7,1
DA:8,1
DA:10,1
DA:13,1
DA:14,1
DA:16,1
DA:19,1
DA:23,1
DA:25,0
LF:9
LH:8
BRF:0
BRH:0
end_of_record
TN:
SF:/Users/apple/Desktop/dev/rentobox/server/components/errors/index.js
FN:7,pageNotFound
FN:15,(anonymous_2)
FNF:2
FNH:0
FNDA:0,pageNotFound
FNDA:0,(anonymous_2)
DA:7,1
DA:8,0
DA:9,0
DA:10,0
DA:14,0
DA:15,0
DA:16,0
DA:18,0
LF:8
LH:1
BRDA:16,1,0,0
BRDA:16,1,1,0
BRF:2
BRH:0
end_of_record
TN:
SF:/Users/apple/Desktop/dev/rentobox/server/api/thing/index.js
FNF:0
FNH:0
DA:3,1
DA:4,1
DA:6,1
DA:8,1
DA:9,1
DA:10,1
DA:11,1
DA:12,1
DA:13,1
DA:15,1
LF:10
LH:10
BRF:0
BRH:0
end_of_record
TN:
SF:/Users/apple/Desktop/dev/rentobox/server/api/thing/thing.controller.js
FN:16,(anonymous_1)
FN:17,(anonymous_2)
FN:24,(anonymous_3)
FN:25,(anonymous_4)
FN:33,(anonymous_5)
FN:34,(anonymous_6)
FN:41,(anonymous_7)
FN:43,(anonymous_8)
FN:47,(anonymous_9)
FN:55,(anonymous_10)
FN:56,(anonymous_11)
FN:59,(anonymous_12)
FN:66,handleError
FNF:13
FNH:2
FNDA:1,(anonymous_1)
FNDA:1,(anonymous_2)
FNDA:0,(anonymous_3)
FNDA:0,(anonymous_4)
FNDA:0,(anonymous_5)
FNDA:0,(anonymous_6)
FNDA:0,(anonymous_7)
FNDA:0,(anonymous_8)
FNDA:0,(anonymous_9)
FNDA:0,(anonymous_10)
FNDA:0,(anonymous_11)
FNDA:0,(anonymous_12)
FNDA:0,handleError
DA:12,1
DA:13,1
DA:16,1
DA:17,1
DA:18,1
DA:19,1
DA:24,1
DA:25,0
DA:26,0
DA:27,0
DA:28,0
DA:33,1
DA:34,0
DA:35,0
DA:36,0
DA:41,1
DA:42,0
DA:43,0
DA:44,0
DA:45,0
DA:46,0
DA:47,0
DA:48,0
DA:49,0
DA:55,1
DA:56,0
DA:57,0
DA:58,0
DA:59,0
DA:60,0
DA:61,0
DA:66,1
DA:67,0
LF:33
LH:11
BRDA:18,1,0,0
BRDA:18,1,1,1
BRDA:26,2,0,0
BRDA:26,2,1,0
BRDA:27,3,0,0
BRDA:27,3,1,0
BRDA:35,4,0,0
BRDA:35,4,1,0
BRDA:42,5,0,0
BRDA:42,5,1,0
BRDA:44,6,0,0
BRDA:44,6,1,0
BRDA:45,7,0,0
BRDA:45,7,1,0
BRDA:48,8,0,0
BRDA:48,8,1,0
BRDA:57,9,0,0
BRDA:57,9,1,0
BRDA:58,10,0,0
BRDA:58,10,1,0
BRDA:60,11,0,0
BRDA:60,11,1,0
BRF:22
BRH:1
end_of_record
TN:
SF:/Users/apple/Desktop/dev/rentobox/server/api/thing/thing.model.js
FNF:0
FNH:0
DA:3,1
DA:6,1
DA:12,1
LF:3
LH:3
BRF:0
BRH:0
end_of_record
TN:
SF:/Users/apple/Desktop/dev/rentobox/server/api/user/index.js
FNF:0
FNH:0
DA:3,1
DA:4,1
DA:5,1
DA:6,1
DA:8,1
DA:10,1
DA:11,1
DA:12,1
DA:13,1
DA:14,1
DA:15,1
DA:17,1
LF:12
LH:12
BRF:0
BRH:0
end_of_record
TN:
SF:/Users/apple/Desktop/dev/rentobox/server/api/user/user.controller.js
FN:8,(anonymous_1)
FN:16,(anonymous_2)
FN:17,(anonymous_3)
FN:26,(anonymous_4)
FN:30,(anonymous_5)
FN:40,(anonymous_6)
FN:43,(anonymous_7)
FN:54,(anonymous_8)
FN:55,(anonymous_9)
FN:64,(anonymous_10)
FN:69,(anonymous_11)
FN:72,(anonymous_12)
FN:85,(anonymous_13)
FN:89,(anonymous_14)
FN:99,(anonymous_15)
FNF:15
FNH:0
FNDA:0,(anonymous_1)
FNDA:0,(anonymous_2)
FNDA:0,(anonymous_3)
FNDA:0,(anonymous_4)
FNDA:0,(anonymous_5)
FNDA:0,(anonymous_6)
FNDA:0,(anonymous_7)
FNDA:0,(anonymous_8)
FNDA:0,(anonymous_9)
FNDA:0,(anonymous_10)
FNDA:0,(anonymous_11)
FNDA:0,(anonymous_12)
FNDA:0,(anonymous_13)
FNDA:0,(anonymous_14)
FNDA:0,(anonymous_15)
DA:3,1
DA:4,1
DA:5,1
DA:6,1
DA:8,1
DA:9,0
DA:16,1
DA:17,0
DA:18,0
DA:19,0
DA:26,1
DA:27,0
DA:28,0
DA:29,0
DA:30,0
DA:31,0
DA:32,0
DA:33,0
DA:40,1
DA:41,0
DA:43,0
DA:44,0
DA:45,0
DA:46,0
DA:54,1
DA:55,0
DA:56,0
DA:57,0
DA:64,1
DA:65,0
DA:66,0
DA:67,0
DA:69,0
DA:70,0
DA:71,0
DA:72,0
DA:73,0
DA:74,0
DA:77,0
DA:85,1
DA:86,0
DA:87,0
DA:90,0
DA:91,0
DA:92,0
DA:99,1
DA:100,0
LF:47
LH:12
BRDA:18,1,0,0
BRDA:18,1,1,0
BRDA:31,2,0,0
BRDA:31,2,1,0
BRDA:44,3,0,0
BRDA:44,3,1,0
BRDA:45,4,0,0
BRDA:45,4,1,0
BRDA:56,5,0,0
BRDA:56,5,1,0
BRDA:70,6,0,0
BRDA:70,6,1,0
BRDA:73,7,0,0
BRDA:73,7,1,0
BRDA:90,8,0,0
BRDA:90,8,1,0
BRDA:91,9,0,0
BRDA:91,9,1,0
BRF:18
BRH:0
end_of_record
TN:
SF:/Users/apple/Desktop/dev/rentobox/server/api/user/user.model.js
FN:29,(anonymous_1)
FN:34,(anonymous_2)
FN:41,(anonymous_3)
FN:51,(anonymous_4)
FN:65,(anonymous_5)
FN:73,(anonymous_6)
FN:81,(anonymous_7)
FN:83,(anonymous_8)
FN:93,(anonymous_9)
FN:101,(anonymous_10)
FN:121,(anonymous_11)
FN:131,(anonymous_12)
FN:142,(anonymous_13)
FNF:13
FNH:10
FNDA:1,(anonymous_1)
FNDA:0,(anonymous_2)
FNDA:0,(anonymous_3)
FNDA:0,(anonymous_4)
FNDA:3,(anonymous_5)
FNDA:2,(anonymous_6)
FNDA:3,(anonymous_7)
FNDA:3,(anonymous_8)
FNDA:2,(anonymous_9)
FNDA:2,(anonymous_10)
FNDA:2,(anonymous_11)
FNDA:1,(anonymous_12)
FNDA:3,(anonymous_13)
DA:3,1
DA:4,1
DA:5,1
DA:6,1
DA:8,1
DA:27,1
DA:30,1
DA:31,1
DA:32,1
DA:35,0
DA:39,1
DA:42,0
DA:49,1
DA:52,0
DA:63,1
DA:66,3
DA:67,3
DA:71,1
DA:74,2
DA:75,2
DA:79,1
DA:82,3
DA:83,3
DA:84,3
DA:85,3
DA:86,1
DA:87,0
DA:89,2
DA:93,1
DA:94,2
DA:100,1
DA:102,2
DA:104,2
DA:105,0
DA:107,2
DA:113,1
DA:122,2
DA:132,1
DA:143,3
DA:144,3
DA:145,3
DA:149,1
LF:42
LH:37
BRDA:66,1,0,0
BRDA:66,1,1,3
BRDA:74,2,0,0
BRDA:74,2,1,2
BRDA:84,3,0,0
BRDA:84,3,1,3
BRDA:85,4,0,1
BRDA:85,4,1,2
BRDA:86,5,0,1
BRDA:86,5,1,0
BRDA:94,6,0,2
BRDA:94,6,1,2
BRDA:102,7,0,0
BRDA:102,7,1,2
BRDA:104,8,0,0
BRDA:104,8,1,2
BRDA:104,9,0,2
BRDA:104,9,1,0
BRDA:143,10,0,0
BRDA:143,10,1,3
BRDA:143,11,0,3
BRDA:143,11,1,3
BRF:22
BRH:14
end_of_record
TN:
SF:/Users/apple/Desktop/dev/rentobox/server/auth/auth.service.js
FN:16,isAuthenticated
FN:19,(anonymous_2)
FN:27,(anonymous_3)
FN:28,(anonymous_4)
FN:41,hasRole
FN:46,meetsRequirements
FN:59,signToken
FN:66,setTokenCookie
FNF:8
FNH:2
FNDA:5,isAuthenticated
FNDA:0,(anonymous_2)
FNDA:0,(anonymous_3)
FNDA:0,(anonymous_4)
FNDA:2,hasRole
FNDA:0,meetsRequirements
FNDA:0,signToken
FNDA:0,setTokenCookie
DA:3,1
DA:4,1
DA:5,1
DA:6,1
DA:7,1
DA:8,1
DA:9,1
DA:10,1
DA:16,1
DA:17,5
DA:21,0
DA:22,0
DA:24,0
DA:28,0
DA:29,0
DA:30,0
DA:32,0
DA:33,0
DA:41,1
DA:42,2
DA:44,2
DA:47,0
DA:48,0
DA:51,0
DA:59,1
DA:60,0
DA:66,1
DA:67,0
DA:68,0
DA:69,0
DA:71,0
DA:72,0
DA:74,0
DA:78,1
DA:79,1
DA:80,1
DA:81,1
LF:37
LH:19
BRDA:21,1,0,0
BRDA:21,1,1,0
BRDA:21,2,0,0
BRDA:21,2,1,0
BRDA:29,3,0,0
BRDA:29,3,1,0
BRDA:30,4,0,0
BRDA:30,4,1,0
BRDA:42,5,0,0
BRDA:42,5,1,2
BRDA:47,6,0,0
BRDA:47,6,1,0
BRDA:67,7,0,0
BRDA:67,7,1,0
BRDA:71,8,0,0
BRDA:71,8,1,0
BRF:16
BRH:1
end_of_record
TN:
SF:/Users/apple/Desktop/dev/rentobox/server/auth/index.js
FNF:0
FNH:0
DA:3,1
DA:4,1
DA:5,1
DA:6,1
DA:9,1
DA:10,1
DA:11,1
DA:12,1
DA:14,1
DA:16,1
DA:17,1
DA:18,1
DA:19,1
DA:21,1
LF:14
LH:14
BRF:0
BRH:0
end_of_record
TN:
SF:/Users/apple/Desktop/dev/rentobox/server/auth/local/passport.js
FN:4,(anonymous_1)
FN:9,(anonymous_2)
FN:12,(anonymous_3)
FNF:3
FNH:1
FNDA:1,(anonymous_1)
FNDA:0,(anonymous_2)
FNDA:0,(anonymous_3)
DA:1,1
DA:2,1
DA:4,1
DA:5,1
DA:10,0
DA:13,0
DA:15,0
DA:16,0
DA:18,0
DA:19,0
DA:21,0
LF:11
LH:4
BRDA:13,1,0,0
BRDA:13,1,1,0
BRDA:15,2,0,0
BRDA:15,2,1,0
BRDA:18,3,0,0
BRDA:18,3,1,0
BRF:6
BRH:0
end_of_record
TN:
SF:/Users/apple/Desktop/dev/rentobox/server/auth/facebook/passport.js
FN:4,(anonymous_1)
FN:11,(anonymous_2)
FN:15,(anonymous_3)
FN:28,(anonymous_4)
FNF:4
FNH:1
FNDA:1,(anonymous_1)
FNDA:0,(anonymous_2)
FNDA:0,(anonymous_3)
FNDA:0,(anonymous_4)
DA:1,1
DA:2,1
DA:4,1
DA:5,1
DA:12,0
DA:16,0
DA:17,0
DA:19,0
DA:20,0
DA:28,0
DA:29,0
DA:30,0
DA:33,0
LF:13
LH:4
BRDA:16,1,0,0
BRDA:16,1,1,0
BRDA:19,2,0,0
BRDA:19,2,1,0
BRDA:29,3,0,0
BRDA:29,3,1,0
BRF:6
BRH:0
end_of_record
TN:
SF:/Users/apple/Desktop/dev/rentobox/server/auth/google/passport.js
FN:4,(anonymous_1)
FN:10,(anonymous_2)
FN:13,(anonymous_3)
FN:23,(anonymous_4)
FNF:4
FNH:1
FNDA:1,(anonymous_1)
FNDA:0,(anonymous_2)
FNDA:0,(anonymous_3)
FNDA:0,(anonymous_4)
DA:1,1
DA:2,1
DA:4,1
DA:5,1
DA:11,0
DA:14,0
DA:15,0
DA:23,0
DA:24,0
DA:25,0
DA:28,0
LF:11
LH:4
BRDA:14,1,0,0
BRDA:14,1,1,0
BRDA:24,2,0,0
BRDA:24,2,1,0
BRF:4
BRH:0
end_of_record
TN:
SF:/Users/apple/Desktop/dev/rentobox/server/auth/twitter/passport.js
FN:1,(anonymous_1)
FN:10,(anonymous_2)
FN:13,(anonymous_3)
FN:25,(anonymous_4)
FNF:4
FNH:1
FNDA:1,(anonymous_1)
FNDA:0,(anonymous_2)
FNDA:0,(anonymous_3)
FNDA:0,(anonymous_4)
DA:1,1
DA:2,1
DA:3,1
DA:5,1
DA:11,0
DA:14,0
DA:15,0
DA:17,0
DA:18,0
DA:25,0
DA:26,0
DA:27,0
DA:30,0
LF:13
LH:4
BRDA:14,1,0,0
BRDA:14,1,1,0
BRDA:17,2,0,0
BRDA:17,2,1,0
BRDA:26,3,0,0
BRDA:26,3,1,0
BRF:6
BRH:0
end_of_record
TN:
SF:/Users/apple/Desktop/dev/rentobox/server/auth/local/index.js
FN:9,(anonymous_1)
FN:10,(anonymous_2)
FNF:2
FNH:0
FNDA:0,(anonymous_1)
FNDA:0,(anonymous_2)
DA:3,1
DA:4,1
DA:5,1
DA:7,1
DA:9,1
DA:10,0
DA:11,0
DA:12,0
DA:13,0
DA:15,0
DA:16,0
DA:20,1
LF:12
LH:6
BRDA:11,1,0,0
BRDA:11,1,1,0
BRDA:12,2,0,0
BRDA:12,2,1,0
BRDA:13,3,0,0
BRDA:13,3,1,0
BRF:6
BRH:0
end_of_record
TN:
SF:/Users/apple/Desktop/dev/rentobox/server/auth/facebook/index.js
FNF:0
FNH:0
DA:3,1
DA:4,1
DA:5,1
DA:7,1
DA:9,1
DA:23,1
LF:6
LH:6
BRF:0
BRH:0
end_of_record
TN:
SF:/Users/apple/Desktop/dev/rentobox/server/auth/twitter/index.js
FNF:0
FNH:0
DA:3,1
DA:4,1
DA:5,1
DA:7,1
DA:9,1
DA:20,1
LF:6
LH:6
BRF:0
BRH:0
end_of_record
TN:
SF:/Users/apple/Desktop/dev/rentobox/server/auth/google/index.js
FNF:0
FNH:0
DA:3,1
DA:4,1
DA:5,1
DA:7,1
DA:9,1
DA:24,1
LF:6
LH:6
BRF:0
BRH:0
end_of_record
TN:
SF:/Users/apple/Desktop/dev/rentobox/server/api/user/user.model.spec.js
FN:14,(anonymous_1)
FN:15,(anonymous_2)
FN:17,(anonymous_3)
FN:22,(anonymous_4)
FN:23,(anonymous_5)
FN:28,(anonymous_6)
FN:29,(anonymous_7)
FN:35,(anonymous_8)
FN:36,(anonymous_9)
FN:38,(anonymous_10)
FN:45,(anonymous_11)
FN:47,(anonymous_12)
FN:53,(anonymous_13)
FN:57,(anonymous_14)
FNF:14
FNH:14
FNDA:1,(anonymous_1)
FNDA:1,(anonymous_2)
FNDA:1,(anonymous_3)
FNDA:5,(anonymous_4)
FNDA:5,(anonymous_5)
FNDA:1,(anonymous_6)
FNDA:1,(anonymous_7)
FNDA:1,(anonymous_8)
FNDA:1,(anonymous_9)
FNDA:1,(anonymous_10)
FNDA:1,(anonymous_11)
FNDA:1,(anonymous_12)
FNDA:1,(anonymous_13)
FNDA:1,(anonymous_14)
DA:3,1
DA:4,1
DA:5,1
DA:7,1
DA:14,1
DA:15,1
DA:17,1
DA:18,1
DA:22,1
DA:23,5
DA:24,5
DA:28,1
DA:29,1
DA:30,1
DA:31,1
DA:35,1
DA:36,1
DA:37,1
DA:38,1
DA:39,1
DA:40,1
DA:45,1
DA:46,1
DA:47,1
DA:48,1
DA:49,1
DA:53,1
DA:54,1
DA:57,1
DA:58,1
LF:30
LH:30
BRF:0
BRH:0
end_of_record
TN:
SF:/Users/apple/Desktop/dev/rentobox/karma.conf.js
FN:4,(anonymous_1)
FNF:1
FNH:1
FNDA:1,(anonymous_1)
DA:4,1
DA:5,1
LF:2
LH:2
BRF:0
BRH:0
end_of_record
